[debug] [2021-08-31T09:50:49.686Z] ----------------------------------------------------------------------
[debug] [2021-08-31T09:50:49.688Z] Command:       /usr/bin/node /usr/local/bin/firebase emulators:start
[debug] [2021-08-31T09:50:49.688Z] CLI Version:   9.16.6
[debug] [2021-08-31T09:50:49.688Z] Platform:      linux
[debug] [2021-08-31T09:50:49.689Z] Node Version:  v10.19.0
[debug] [2021-08-31T09:50:49.689Z] Time:          Tue Aug 31 2021 15:20:49 GMT+0530 (India Standard Time)
[debug] [2021-08-31T09:50:49.689Z] ----------------------------------------------------------------------
[debug] 
[debug] [2021-08-31T09:50:49.769Z] > command requires scopes: ["email","openid","https://www.googleapis.com/auth/cloudplatformprojects.readonly","https://www.googleapis.com/auth/firebase","https://www.googleapis.com/auth/cloud-platform"]
[debug] [2021-08-31T09:50:49.769Z] > authorizing via signed-in user (joygupta503@gmail.com)
[info] i  emulators: Starting emulators: auth, functions, firestore {"metadata":{"emulator":{"name":"hub"},"message":"Starting emulators: auth, functions, firestore"}}
[warn] ⚠  emulators: It seems that you are running multiple instances of the emulator suite for project bakeful-23873. This may result in unexpected behavior. 
[debug] [2021-08-31T09:50:49.796Z] [hub] writing locator at /tmp/hub-bakeful-23873.json
[warn] ⚠  functions: The following emulators are not running, calls to these services from the Functions emulator will affect production: database, hosting, pubsub, storage {"metadata":{"emulator":{"name":"functions"},"message":"The following emulators are not running, calls to these services from the Functions emulator will affect production: \u001b[1mdatabase, hosting, pubsub, storage\u001b[22m"}}
[warn] ⚠  Your requested "node" version "14" doesn't match your global version "10" {"metadata":{"emulator":{"name":"functions"},"message":"Your requested \"node\" version \"14\" doesn't match your global version \"10\""}}
[debug] [2021-08-31T09:50:49.842Z] defaultcredentials: writing to file /home/joy/.config/firebase/joygupta503_gmail_com_application_default_credentials.json
[debug] [2021-08-31T09:50:49.844Z] Setting GAC to /home/joy/.config/firebase/joygupta503_gmail_com_application_default_credentials.json {"metadata":{"emulator":{"name":"functions"},"message":"Setting GAC to /home/joy/.config/firebase/joygupta503_gmail_com_application_default_credentials.json"}}
[debug] [2021-08-31T09:50:49.846Z] > refreshing access token with scopes: []
[debug] [2021-08-31T09:50:49.847Z] >>> HTTP REQUEST POST https://www.googleapis.com/oauth2/v3/token  
 <request body omitted>
[debug] [2021-08-31T09:50:50.165Z] <<< HTTP RESPONSE 200 {"date":"Tue, 31 Aug 2021 09:50:50 GMT","expires":"Mon, 01 Jan 1990 00:00:00 GMT","pragma":"no-cache","cache-control":"no-cache, no-store, max-age=0, must-revalidate","content-type":"application/json; charset=utf-8","vary":"X-Origin, Referer, Origin,Accept-Encoding","server":"scaffolding on HTTPServer2","x-xss-protection":"0","x-frame-options":"SAMEORIGIN","x-content-type-options":"nosniff","alt-svc":"h3=\":443\"; ma=2592000,h3-29=\":443\"; ma=2592000,h3-T051=\":443\"; ma=2592000,h3-Q050=\":443\"; ma=2592000,h3-Q046=\":443\"; ma=2592000,h3-Q043=\":443\"; ma=2592000,quic=\":443\"; ma=2592000; v=\"46,43\"","accept-ranges":"none","transfer-encoding":"chunked"}
[debug] [2021-08-31T09:50:50.181Z] >>> [apiv2][query] GET https://firebase.googleapis.com/v1beta1/projects/bakeful-23873/adminSdkConfig [none]
[debug] [2021-08-31T09:50:51.038Z] <<< [apiv2][status] GET https://firebase.googleapis.com/v1beta1/projects/bakeful-23873/adminSdkConfig 200
[debug] [2021-08-31T09:50:51.038Z] <<< [apiv2][body] GET https://firebase.googleapis.com/v1beta1/projects/bakeful-23873/adminSdkConfig {"projectId":"bakeful-23873","storageBucket":"bakeful-23873.appspot.com","locationId":"asia-south1"}
[debug] [2021-08-31T09:50:51.051Z] Ignoring unsupported arg: projectId {"metadata":{"emulator":{"name":"firestore"},"message":"Ignoring unsupported arg: projectId"}}
[debug] [2021-08-31T09:50:51.051Z] Ignoring unsupported arg: auto_download {"metadata":{"emulator":{"name":"firestore"},"message":"Ignoring unsupported arg: auto_download"}}
[debug] [2021-08-31T09:50:51.052Z] Starting Firestore Emulator with command {"binary":"java","args":["-Dgoogle.cloud_firestore.debug_log_level=FINE","-Duser.language=en","-jar","/home/joy/.cache/firebase/emulators/cloud-firestore-emulator-v1.13.1.jar","--host","localhost","--port",8080,"--rules","/home/joy/Web Development/Projects/e-Commerce-App/firestore.rules","--functions_emulator","localhost:5001"],"optionalArgs":["port","webchannel_port","host","rules","functions_emulator","seed_from_export"],"joinArgs":false} {"metadata":{"emulator":{"name":"firestore"},"message":"Starting Firestore Emulator with command {\"binary\":\"java\",\"args\":[\"-Dgoogle.cloud_firestore.debug_log_level=FINE\",\"-Duser.language=en\",\"-jar\",\"/home/joy/.cache/firebase/emulators/cloud-firestore-emulator-v1.13.1.jar\",\"--host\",\"localhost\",\"--port\",8080,\"--rules\",\"/home/joy/Web Development/Projects/e-Commerce-App/firestore.rules\",\"--functions_emulator\",\"localhost:5001\"],\"optionalArgs\":[\"port\",\"webchannel_port\",\"host\",\"rules\",\"functions_emulator\",\"seed_from_export\"],\"joinArgs\":false}"}}
[info] i  firestore: Firestore Emulator logging to firestore-debug.log {"metadata":{"emulator":{"name":"firestore"},"message":"Firestore Emulator logging to \u001b[1mfirestore-debug.log\u001b[22m"}}
[debug] [2021-08-31T09:50:51.933Z] Aug 31, 2021 3:20:51 PM com.google.cloud.datastore.emulator.firestore.websocket.WebSocketServer start
INFO: Started WebSocket server on ws://localhost:45297
 {"metadata":{"emulator":{"name":"firestore"},"message":"Aug 31, 2021 3:20:51 PM com.google.cloud.datastore.emulator.firestore.websocket.WebSocketServer start\nINFO: Started WebSocket server on ws://localhost:45297\n"}}
[debug] [2021-08-31T09:50:52.000Z] API endpoint: http://localhost: {"metadata":{"emulator":{"name":"firestore"},"message":"API endpoint: http://localhost:"}}
[debug] [2021-08-31T09:50:52.000Z] 8080
If you are using a library that supports the FIRESTORE_EMULATOR_HOST environment variable, run:

   export FIRESTORE_EMULATOR_HOST=localhost:8080

Dev App Server is now running.

 {"metadata":{"emulator":{"name":"firestore"},"message":"8080\nIf you are using a library that supports the FIRESTORE_EMULATOR_HOST environment variable, run:\n\n   export FIRESTORE_EMULATOR_HOST=localhost:8080\n\nDev App Server is now running.\n\n"}}
[debug] [2021-08-31T09:50:55.289Z] Ignoring unsupported arg: auto_download {"metadata":{"emulator":{"name":"ui"},"message":"Ignoring unsupported arg: auto_download"}}
[debug] [2021-08-31T09:50:55.290Z] Ignoring unsupported arg: port {"metadata":{"emulator":{"name":"ui"},"message":"Ignoring unsupported arg: port"}}
[debug] [2021-08-31T09:50:55.290Z] Starting Emulator UI with command {"binary":"node","args":["/home/joy/.cache/firebase/emulators/ui-v1.6.2/server.bundle.js"],"optionalArgs":[],"joinArgs":false} {"metadata":{"emulator":{"name":"ui"},"message":"Starting Emulator UI with command {\"binary\":\"node\",\"args\":[\"/home/joy/.cache/firebase/emulators/ui-v1.6.2/server.bundle.js\"],\"optionalArgs\":[],\"joinArgs\":false}"}}
[info] i  ui: Emulator UI logging to ui-debug.log {"metadata":{"emulator":{"name":"ui"},"message":"Emulator UI logging to \u001b[1mui-debug.log\u001b[22m"}}
[debug] [2021-08-31T09:50:55.924Z] Web / API server started at localhost:4000
 {"metadata":{"emulator":{"name":"ui"},"message":"Web / API server started at localhost:4000\n"}}
[info] i  functions: Watching "/home/joy/Web Development/Projects/e-Commerce-App/functions" for Cloud Functions... {"metadata":{"emulator":{"name":"functions"},"message":"Watching \"/home/joy/Web Development/Projects/e-Commerce-App/functions\" for Cloud Functions..."}}
[debug] [2021-08-31T09:50:56.064Z] [worker-pool] addWorker(~diagnostic~) {"metadata":{"emulator":{"name":"functions"},"message":"[worker-pool] addWorker(~diagnostic~)"}}
[debug] [2021-08-31T09:50:56.064Z] [worker-pool] Adding worker with key ~diagnostic~, total=1 {"metadata":{"emulator":{"name":"functions"},"message":"[worker-pool] Adding worker with key ~diagnostic~, total=1"}}
[debug] [2021-08-31T09:50:56.065Z] [worker-pool] submitWork(triggerId=) {"metadata":{"emulator":{"name":"functions"},"message":"[worker-pool] submitWork(triggerId=)"}}
[debug] [2021-08-31T09:50:56.065Z] [worker-~diagnostic~-a12a276c-c43c-4886-9541-0142b98885ab]: Assigning socketPath: /tmp/fire_emu_18803.sock {"metadata":{"emulator":{"name":"functions"},"message":"[worker-~diagnostic~-a12a276c-c43c-4886-9541-0142b98885ab]: Assigning socketPath: /tmp/fire_emu_18803.sock"}}
[debug] [2021-08-31T09:50:56.066Z] [worker-~diagnostic~-a12a276c-c43c-4886-9541-0142b98885ab]: BUSY {"metadata":{"emulator":{"name":"functions"},"message":"[worker-~diagnostic~-a12a276c-c43c-4886-9541-0142b98885ab]: BUSY"}}
[debug] [2021-08-31T09:50:56.835Z] [runtime-status] [18803] Functions runtime initialized. {"cwd":"/home/joy/Web Development/Projects/e-Commerce-App/functions","node_version":"10.19.0"} {"metadata":{"emulator":{"name":"functions"},"message":"[runtime-status] [18803] Functions runtime initialized. {\"cwd\":\"/home/joy/Web Development/Projects/e-Commerce-App/functions\",\"node_version\":\"10.19.0\"}"}}
[debug] [2021-08-31T09:50:56.837Z] [runtime-status] [18803] Disabled runtime features: undefined {"metadata":{"emulator":{"name":"functions"},"message":"[runtime-status] [18803] Disabled runtime features: undefined"}}
[debug] [2021-08-31T09:50:56.839Z] [runtime-status] [18803] Resolved module firebase-admin {"declared":true,"installed":true,"version":"9.11.1","resolution":"/home/joy/Web Development/Projects/e-Commerce-App/functions/node_modules/firebase-admin/lib/index.js"} {"metadata":{"emulator":{"name":"functions"},"message":"[runtime-status] [18803] Resolved module firebase-admin {\"declared\":true,\"installed\":true,\"version\":\"9.11.1\",\"resolution\":\"/home/joy/Web Development/Projects/e-Commerce-App/functions/node_modules/firebase-admin/lib/index.js\"}"}}
[debug] [2021-08-31T09:50:56.839Z] [runtime-status] [18803] Resolved module firebase-functions {"declared":true,"installed":true,"version":"3.15.4","resolution":"/home/joy/Web Development/Projects/e-Commerce-App/functions/node_modules/firebase-functions/lib/index.js"} {"metadata":{"emulator":{"name":"functions"},"message":"[runtime-status] [18803] Resolved module firebase-functions {\"declared\":true,\"installed\":true,\"version\":\"3.15.4\",\"resolution\":\"/home/joy/Web Development/Projects/e-Commerce-App/functions/node_modules/firebase-functions/lib/index.js\"}"}}
[debug] [2021-08-31T09:50:56.841Z] [runtime-status] [18803] Resolved module firebase-functions {"declared":true,"installed":true,"version":"3.15.4","resolution":"/home/joy/Web Development/Projects/e-Commerce-App/functions/node_modules/firebase-functions/lib/index.js"} {"metadata":{"emulator":{"name":"functions"},"message":"[runtime-status] [18803] Resolved module firebase-functions {\"declared\":true,\"installed\":true,\"version\":\"3.15.4\",\"resolution\":\"/home/joy/Web Development/Projects/e-Commerce-App/functions/node_modules/firebase-functions/lib/index.js\"}"}}
[debug] [2021-08-31T09:50:56.845Z] [runtime-status] [18803] Outgoing network have been stubbed. [{"name":"http","status":"mocked"},{"name":"http","status":"mocked"},{"name":"https","status":"mocked"},{"name":"https","status":"mocked"},{"name":"net","status":"mocked"}] {"metadata":{"emulator":{"name":"functions"},"message":"[runtime-status] [18803] Outgoing network have been stubbed. [{\"name\":\"http\",\"status\":\"mocked\"},{\"name\":\"http\",\"status\":\"mocked\"},{\"name\":\"https\",\"status\":\"mocked\"},{\"name\":\"https\",\"status\":\"mocked\"},{\"name\":\"net\",\"status\":\"mocked\"}]"}}
[debug] [2021-08-31T09:50:56.846Z] [runtime-status] [18803] Resolved module firebase-functions {"declared":true,"installed":true,"version":"3.15.4","resolution":"/home/joy/Web Development/Projects/e-Commerce-App/functions/node_modules/firebase-functions/lib/index.js"} {"metadata":{"emulator":{"name":"functions"},"message":"[runtime-status] [18803] Resolved module firebase-functions {\"declared\":true,\"installed\":true,\"version\":\"3.15.4\",\"resolution\":\"/home/joy/Web Development/Projects/e-Commerce-App/functions/node_modules/firebase-functions/lib/index.js\"}"}}
[debug] [2021-08-31T09:50:56.891Z] [runtime-status] [18803] Checked functions.config() {"config":{}} {"metadata":{"emulator":{"name":"functions"},"message":"[runtime-status] [18803] Checked functions.config() {\"config\":{}}"}}
[debug] [2021-08-31T09:50:56.891Z] [runtime-status] [18803] firebase-functions has been stubbed. {"functionsResolution":{"declared":true,"installed":true,"version":"3.15.4","resolution":"/home/joy/Web Development/Projects/e-Commerce-App/functions/node_modules/firebase-functions/lib/index.js"}} {"metadata":{"emulator":{"name":"functions"},"message":"[runtime-status] [18803] firebase-functions has been stubbed. {\"functionsResolution\":{\"declared\":true,\"installed\":true,\"version\":\"3.15.4\",\"resolution\":\"/home/joy/Web Development/Projects/e-Commerce-App/functions/node_modules/firebase-functions/lib/index.js\"}}"}}
[debug] [2021-08-31T09:50:56.891Z] [runtime-status] [18803] Resolved module firebase-functions {"declared":true,"installed":true,"version":"3.15.4","resolution":"/home/joy/Web Development/Projects/e-Commerce-App/functions/node_modules/firebase-functions/lib/index.js"} {"metadata":{"emulator":{"name":"functions"},"message":"[runtime-status] [18803] Resolved module firebase-functions {\"declared\":true,\"installed\":true,\"version\":\"3.15.4\",\"resolution\":\"/home/joy/Web Development/Projects/e-Commerce-App/functions/node_modules/firebase-functions/lib/index.js\"}"}}
[debug] [2021-08-31T09:50:56.892Z] [runtime-status] [18803] Resolved module firebase-admin {"declared":true,"installed":true,"version":"9.11.1","resolution":"/home/joy/Web Development/Projects/e-Commerce-App/functions/node_modules/firebase-admin/lib/index.js"} {"metadata":{"emulator":{"name":"functions"},"message":"[runtime-status] [18803] Resolved module firebase-admin {\"declared\":true,\"installed\":true,\"version\":\"9.11.1\",\"resolution\":\"/home/joy/Web Development/Projects/e-Commerce-App/functions/node_modules/firebase-admin/lib/index.js\"}"}}
[debug] [2021-08-31T09:50:56.892Z] [runtime-status] [18803] Resolved module firebase-functions {"declared":true,"installed":true,"version":"3.15.4","resolution":"/home/joy/Web Development/Projects/e-Commerce-App/functions/node_modules/firebase-functions/lib/index.js"} {"metadata":{"emulator":{"name":"functions"},"message":"[runtime-status] [18803] Resolved module firebase-functions {\"declared\":true,\"installed\":true,\"version\":\"3.15.4\",\"resolution\":\"/home/joy/Web Development/Projects/e-Commerce-App/functions/node_modules/firebase-functions/lib/index.js\"}"}}
[debug] [2021-08-31T09:50:56.893Z] [runtime-status] [18803] firebase-admin has been stubbed. {"adminResolution":{"declared":true,"installed":true,"version":"9.11.1","resolution":"/home/joy/Web Development/Projects/e-Commerce-App/functions/node_modules/firebase-admin/lib/index.js"}} {"metadata":{"emulator":{"name":"functions"},"message":"[runtime-status] [18803] firebase-admin has been stubbed. {\"adminResolution\":{\"declared\":true,\"installed\":true,\"version\":\"9.11.1\",\"resolution\":\"/home/joy/Web Development/Projects/e-Commerce-App/functions/node_modules/firebase-admin/lib/index.js\"}}"}}
[debug] [2021-08-31T09:50:56.951Z] [runtime-status] [18803] initializeApp(DEFAULT) {"storageBucket":"bakeful-23873.appspot.com","projectId":"bakeful-23873"} {"metadata":{"emulator":{"name":"functions"},"message":"[runtime-status] [18803] initializeApp(DEFAULT) {\"storageBucket\":\"bakeful-23873.appspot.com\",\"projectId\":\"bakeful-23873\"}"}}
[info] ✔  functions[us-central1-product]: http function initialized (http://localhost:5001/bakeful-23873/us-central1/product). {"metadata":{"emulator":{"name":"functions"},"message":"\u001b[1mhttp\u001b[22m function initialized (http://localhost:5001/bakeful-23873/us-central1/product)."}}
[info] ✔  functions[us-central1-app]: http function initialized (http://localhost:5001/bakeful-23873/us-central1/app). {"metadata":{"emulator":{"name":"functions"},"message":"\u001b[1mhttp\u001b[22m function initialized (http://localhost:5001/bakeful-23873/us-central1/app)."}}
[info] 
┌─────────────────────────────────────────────────────────────┐
│ ✔  All emulators ready! It is now safe to connect your app. │
│ i  View Emulator UI at http://localhost:4000                │
└─────────────────────────────────────────────────────────────┘

┌────────────────┬────────────────┬─────────────────────────────────┐
│ Emulator       │ Host:Port      │ View in Emulator UI             │
├────────────────┼────────────────┼─────────────────────────────────┤
│ Authentication │ localhost:9099 │ http://localhost:4000/auth      │
├────────────────┼────────────────┼─────────────────────────────────┤
│ Functions      │ localhost:5001 │ http://localhost:4000/functions │
├────────────────┼────────────────┼─────────────────────────────────┤
│ Firestore      │ localhost:8080 │ http://localhost:4000/firestore │
└────────────────┴────────────────┴─────────────────────────────────┘
  Emulator Hub running at localhost:4400
  Other reserved ports: 4500

Issues? Report them at https://github.com/firebase/firebase-tools/issues and attach the *-debug.log files.
 
[debug] [2021-08-31T09:50:56.962Z] [worker-~diagnostic~-a12a276c-c43c-4886-9541-0142b98885ab]: IDLE {"metadata":{"emulator":{"name":"functions"},"message":"[worker-~diagnostic~-a12a276c-c43c-4886-9541-0142b98885ab]: IDLE"}}
[debug] [2021-08-31T09:51:59.755Z] [work-queue] {"queueLength":1,"workRunningCount":0}
[debug] [2021-08-31T09:51:59.755Z] [work-queue] {"queueLength":0,"workRunningCount":1}
[debug] [2021-08-31T09:51:59.756Z] Accepted request GET /bakeful-23873/us-central1/app --> us-central1-app
[debug] [2021-08-31T09:51:59.762Z] [worker-pool] addWorker(us-central1-app) {"metadata":{"emulator":{"name":"functions"},"message":"[worker-pool] addWorker(us-central1-app)"}}
[debug] [2021-08-31T09:51:59.763Z] [worker-pool] Adding worker with key us-central1-app, total=1 {"metadata":{"emulator":{"name":"functions"},"message":"[worker-pool] Adding worker with key us-central1-app, total=1"}}
[debug] [2021-08-31T09:51:59.763Z] [worker-pool] submitWork(triggerId=us-central1-app) {"metadata":{"emulator":{"name":"functions"},"message":"[worker-pool] submitWork(triggerId=us-central1-app)"}}
[debug] [2021-08-31T09:51:59.763Z] [worker-us-central1-app-c791dfe7-a15f-4f2d-9566-a90093125df6]: Assigning socketPath: /tmp/fire_emu_19262.sock {"metadata":{"emulator":{"name":"functions"},"message":"[worker-us-central1-app-c791dfe7-a15f-4f2d-9566-a90093125df6]: Assigning socketPath: /tmp/fire_emu_19262.sock"}}
[debug] [2021-08-31T09:51:59.763Z] [worker-us-central1-app-c791dfe7-a15f-4f2d-9566-a90093125df6]: BUSY {"metadata":{"emulator":{"name":"functions"},"message":"[worker-us-central1-app-c791dfe7-a15f-4f2d-9566-a90093125df6]: BUSY"}}
[debug] [2021-08-31T09:52:00.579Z] [runtime-status] [19262] Functions runtime initialized. {"cwd":"/home/joy/Web Development/Projects/e-Commerce-App/functions","node_version":"10.19.0"} {"metadata":{"emulator":{"name":"functions"},"function":{"name":"us-central1-app"},"message":"[runtime-status] [19262] Functions runtime initialized. {\"cwd\":\"/home/joy/Web Development/Projects/e-Commerce-App/functions\",\"node_version\":\"10.19.0\"}"}}
[debug] [2021-08-31T09:52:00.581Z] [runtime-status] [19262] Disabled runtime features: undefined {"metadata":{"emulator":{"name":"functions"},"function":{"name":"us-central1-app"},"message":"[runtime-status] [19262] Disabled runtime features: undefined"}}
[debug] [2021-08-31T09:52:00.584Z] [runtime-status] [19262] Resolved module firebase-admin {"declared":true,"installed":true,"version":"9.11.1","resolution":"/home/joy/Web Development/Projects/e-Commerce-App/functions/node_modules/firebase-admin/lib/index.js"} {"metadata":{"emulator":{"name":"functions"},"function":{"name":"us-central1-app"},"message":"[runtime-status] [19262] Resolved module firebase-admin {\"declared\":true,\"installed\":true,\"version\":\"9.11.1\",\"resolution\":\"/home/joy/Web Development/Projects/e-Commerce-App/functions/node_modules/firebase-admin/lib/index.js\"}"}}
[debug] [2021-08-31T09:52:00.585Z] [runtime-status] [19262] Resolved module firebase-functions {"declared":true,"installed":true,"version":"3.15.4","resolution":"/home/joy/Web Development/Projects/e-Commerce-App/functions/node_modules/firebase-functions/lib/index.js"} {"metadata":{"emulator":{"name":"functions"},"function":{"name":"us-central1-app"},"message":"[runtime-status] [19262] Resolved module firebase-functions {\"declared\":true,\"installed\":true,\"version\":\"3.15.4\",\"resolution\":\"/home/joy/Web Development/Projects/e-Commerce-App/functions/node_modules/firebase-functions/lib/index.js\"}"}}
[debug] [2021-08-31T09:52:00.586Z] [runtime-status] [19262] Resolved module firebase-functions {"declared":true,"installed":true,"version":"3.15.4","resolution":"/home/joy/Web Development/Projects/e-Commerce-App/functions/node_modules/firebase-functions/lib/index.js"} {"metadata":{"emulator":{"name":"functions"},"function":{"name":"us-central1-app"},"message":"[runtime-status] [19262] Resolved module firebase-functions {\"declared\":true,\"installed\":true,\"version\":\"3.15.4\",\"resolution\":\"/home/joy/Web Development/Projects/e-Commerce-App/functions/node_modules/firebase-functions/lib/index.js\"}"}}
[debug] [2021-08-31T09:52:00.591Z] [runtime-status] [19262] Outgoing network have been stubbed. [{"name":"http","status":"mocked"},{"name":"http","status":"mocked"},{"name":"https","status":"mocked"},{"name":"https","status":"mocked"},{"name":"net","status":"mocked"}] {"metadata":{"emulator":{"name":"functions"},"function":{"name":"us-central1-app"},"message":"[runtime-status] [19262] Outgoing network have been stubbed. [{\"name\":\"http\",\"status\":\"mocked\"},{\"name\":\"http\",\"status\":\"mocked\"},{\"name\":\"https\",\"status\":\"mocked\"},{\"name\":\"https\",\"status\":\"mocked\"},{\"name\":\"net\",\"status\":\"mocked\"}]"}}
[debug] [2021-08-31T09:52:00.591Z] [runtime-status] [19262] Resolved module firebase-functions {"declared":true,"installed":true,"version":"3.15.4","resolution":"/home/joy/Web Development/Projects/e-Commerce-App/functions/node_modules/firebase-functions/lib/index.js"} {"metadata":{"emulator":{"name":"functions"},"function":{"name":"us-central1-app"},"message":"[runtime-status] [19262] Resolved module firebase-functions {\"declared\":true,\"installed\":true,\"version\":\"3.15.4\",\"resolution\":\"/home/joy/Web Development/Projects/e-Commerce-App/functions/node_modules/firebase-functions/lib/index.js\"}"}}
[debug] [2021-08-31T09:52:00.640Z] [runtime-status] [19262] Checked functions.config() {"config":{}} {"metadata":{"emulator":{"name":"functions"},"function":{"name":"us-central1-app"},"message":"[runtime-status] [19262] Checked functions.config() {\"config\":{}}"}}
[debug] [2021-08-31T09:52:00.641Z] [runtime-status] [19262] firebase-functions has been stubbed. {"functionsResolution":{"declared":true,"installed":true,"version":"3.15.4","resolution":"/home/joy/Web Development/Projects/e-Commerce-App/functions/node_modules/firebase-functions/lib/index.js"}} {"metadata":{"emulator":{"name":"functions"},"function":{"name":"us-central1-app"},"message":"[runtime-status] [19262] firebase-functions has been stubbed. {\"functionsResolution\":{\"declared\":true,\"installed\":true,\"version\":\"3.15.4\",\"resolution\":\"/home/joy/Web Development/Projects/e-Commerce-App/functions/node_modules/firebase-functions/lib/index.js\"}}"}}
[debug] [2021-08-31T09:52:00.641Z] [runtime-status] [19262] Resolved module firebase-functions {"declared":true,"installed":true,"version":"3.15.4","resolution":"/home/joy/Web Development/Projects/e-Commerce-App/functions/node_modules/firebase-functions/lib/index.js"} {"metadata":{"emulator":{"name":"functions"},"function":{"name":"us-central1-app"},"message":"[runtime-status] [19262] Resolved module firebase-functions {\"declared\":true,\"installed\":true,\"version\":\"3.15.4\",\"resolution\":\"/home/joy/Web Development/Projects/e-Commerce-App/functions/node_modules/firebase-functions/lib/index.js\"}"}}
[debug] [2021-08-31T09:52:00.642Z] [runtime-status] [19262] Resolved module firebase-admin {"declared":true,"installed":true,"version":"9.11.1","resolution":"/home/joy/Web Development/Projects/e-Commerce-App/functions/node_modules/firebase-admin/lib/index.js"} {"metadata":{"emulator":{"name":"functions"},"function":{"name":"us-central1-app"},"message":"[runtime-status] [19262] Resolved module firebase-admin {\"declared\":true,\"installed\":true,\"version\":\"9.11.1\",\"resolution\":\"/home/joy/Web Development/Projects/e-Commerce-App/functions/node_modules/firebase-admin/lib/index.js\"}"}}
[debug] [2021-08-31T09:52:00.643Z] [runtime-status] [19262] Resolved module firebase-functions {"declared":true,"installed":true,"version":"3.15.4","resolution":"/home/joy/Web Development/Projects/e-Commerce-App/functions/node_modules/firebase-functions/lib/index.js"} {"metadata":{"emulator":{"name":"functions"},"function":{"name":"us-central1-app"},"message":"[runtime-status] [19262] Resolved module firebase-functions {\"declared\":true,\"installed\":true,\"version\":\"3.15.4\",\"resolution\":\"/home/joy/Web Development/Projects/e-Commerce-App/functions/node_modules/firebase-functions/lib/index.js\"}"}}
[debug] [2021-08-31T09:52:00.643Z] [runtime-status] [19262] firebase-admin has been stubbed. {"adminResolution":{"declared":true,"installed":true,"version":"9.11.1","resolution":"/home/joy/Web Development/Projects/e-Commerce-App/functions/node_modules/firebase-admin/lib/index.js"}} {"metadata":{"emulator":{"name":"functions"},"function":{"name":"us-central1-app"},"message":"[runtime-status] [19262] firebase-admin has been stubbed. {\"adminResolution\":{\"declared\":true,\"installed\":true,\"version\":\"9.11.1\",\"resolution\":\"/home/joy/Web Development/Projects/e-Commerce-App/functions/node_modules/firebase-admin/lib/index.js\"}}"}}
[debug] [2021-08-31T09:52:00.692Z] [runtime-status] [19262] initializeApp(DEFAULT) {"storageBucket":"bakeful-23873.appspot.com","projectId":"bakeful-23873"} {"metadata":{"emulator":{"name":"functions"},"function":{"name":"us-central1-app"},"message":"[runtime-status] [19262] initializeApp(DEFAULT) {\"storageBucket\":\"bakeful-23873.appspot.com\",\"projectId\":\"bakeful-23873\"}"}}
[debug] [2021-08-31T09:52:00.695Z] [runtime-status] [19262] Trigger "us-central1-app" has been found, beginning invocation! {"metadata":{"emulator":{"name":"functions"},"function":{"name":"us-central1-app"},"message":"[runtime-status] [19262] Trigger \"us-central1-app\" has been found, beginning invocation!"}}
[info] i  functions: Beginning execution of "us-central1-app" {"metadata":{"emulator":{"name":"functions"},"function":{"name":"us-central1-app"},"message":"Beginning execution of \"us-central1-app\""}}
[debug] [2021-08-31T09:52:00.695Z] [runtime-status] [19262] triggerDefinition {"httpsTrigger":{},"name":"app","entryPoint":"app","regions":["us-central1"],"region":"us-central1","id":"us-central1-app"} {"metadata":{"emulator":{"name":"functions"},"function":{"name":"us-central1-app"},"message":"[runtime-status] [19262] triggerDefinition {\"httpsTrigger\":{},\"name\":\"app\",\"entryPoint\":\"app\",\"regions\":[\"us-central1\"],\"region\":\"us-central1\",\"id\":\"us-central1-app\"}"}}
[debug] [2021-08-31T09:52:00.695Z] [runtime-status] [19262] Running us-central1-app in mode HTTPS {"metadata":{"emulator":{"name":"functions"},"function":{"name":"us-central1-app"},"message":"[runtime-status] [19262] Running us-central1-app in mode HTTPS"}}
[debug] [2021-08-31T09:52:00.698Z] [runtime-status] [19262] Attempting to listen to socketPath: /tmp/fire_emu_19262.sock {"metadata":{"emulator":{"name":"functions"},"function":{"name":"us-central1-app"},"message":"[runtime-status] [19262] Attempting to listen to socketPath: /tmp/fire_emu_19262.sock"}}
[debug] [2021-08-31T09:52:00.700Z] [functions] Runtime ready! Sending request! {"metadata":{"emulator":{"name":"functions"},"message":"[functions] Runtime ready! Sending request!"}}
[debug] [2021-08-31T09:52:00.701Z] [functions] Got req.url=/bakeful-23873/us-central1/app, mapping to path=/ {"metadata":{"emulator":{"name":"functions"},"message":"[functions] Got req.url=/bakeful-23873/us-central1/app, mapping to path=/"}}
[debug] [2021-08-31T09:52:00.711Z] [runtime-status] [19262] Ephemeral server handling GET request {"metadata":{"emulator":{"name":"functions"},"function":{"name":"us-central1-app"},"message":"[runtime-status] [19262] Ephemeral server handling GET request"}}
[info] >  {"structuredData":true,"severity":"INFO","message":"Hello logs!"} {"user":{"structuredData":true,"severity":"INFO","message":"Hello logs!"},"metadata":{"emulator":{"name":"functions"},"function":{"name":"us-central1-app"},"message":"\u001b[90m> \u001b[39m {\"structuredData\":true,\"severity\":\"INFO\",\"message\":\"Hello logs!\"}"}}
[info] >  Working {"user":"Working","metadata":{"emulator":{"name":"functions"},"function":{"name":"us-central1-app"},"message":"\u001b[90m> \u001b[39m Working"}}
[debug] [2021-08-31T09:52:00.715Z] [runtime-status] [19262] Ephemeral server survived. {"metadata":{"emulator":{"name":"functions"},"function":{"name":"us-central1-app"},"message":"[runtime-status] [19262] Ephemeral server survived."}}
[info] i  functions: Finished "us-central1-app" in ~1s {"metadata":{"emulator":{"name":"functions"},"function":{"name":"us-central1-app"},"message":"Finished \"us-central1-app\" in ~1s"}}
[debug] [2021-08-31T09:52:00.717Z] [worker-us-central1-app-c791dfe7-a15f-4f2d-9566-a90093125df6]: IDLE {"metadata":{"emulator":{"name":"functions"},"message":"[worker-us-central1-app-c791dfe7-a15f-4f2d-9566-a90093125df6]: IDLE"}}
[debug] [2021-08-31T09:52:00.717Z] [work-queue] {"queueLength":0,"workRunningCount":0}
[debug] [2021-08-31T09:52:00.824Z] Functions emulator received unknown request at path /favicon.ico
[debug] [2021-08-31T09:52:04.872Z] [work-queue] {"queueLength":1,"workRunningCount":0}
[debug] [2021-08-31T09:52:04.872Z] [work-queue] {"queueLength":0,"workRunningCount":1}
[debug] [2021-08-31T09:52:04.873Z] Accepted request GET /bakeful-23873/us-central1/product --> us-central1-product
[debug] [2021-08-31T09:52:04.880Z] [worker-pool] addWorker(us-central1-product) {"metadata":{"emulator":{"name":"functions"},"message":"[worker-pool] addWorker(us-central1-product)"}}
[debug] [2021-08-31T09:52:04.881Z] [worker-pool] Adding worker with key us-central1-product, total=1 {"metadata":{"emulator":{"name":"functions"},"message":"[worker-pool] Adding worker with key us-central1-product, total=1"}}
[debug] [2021-08-31T09:52:04.881Z] [worker-pool] submitWork(triggerId=us-central1-product) {"metadata":{"emulator":{"name":"functions"},"message":"[worker-pool] submitWork(triggerId=us-central1-product)"}}
[debug] [2021-08-31T09:52:04.881Z] [worker-us-central1-product-289e3d74-f4f3-446c-95cc-cdb47a2da4b6]: Assigning socketPath: /tmp/fire_emu_19729.sock {"metadata":{"emulator":{"name":"functions"},"message":"[worker-us-central1-product-289e3d74-f4f3-446c-95cc-cdb47a2da4b6]: Assigning socketPath: /tmp/fire_emu_19729.sock"}}
[debug] [2021-08-31T09:52:04.881Z] [worker-us-central1-product-289e3d74-f4f3-446c-95cc-cdb47a2da4b6]: BUSY {"metadata":{"emulator":{"name":"functions"},"message":"[worker-us-central1-product-289e3d74-f4f3-446c-95cc-cdb47a2da4b6]: BUSY"}}
[debug] [2021-08-31T09:52:05.716Z] [runtime-status] [19729] Functions runtime initialized. {"cwd":"/home/joy/Web Development/Projects/e-Commerce-App/functions","node_version":"10.19.0"} {"metadata":{"emulator":{"name":"functions"},"function":{"name":"us-central1-product"},"message":"[runtime-status] [19729] Functions runtime initialized. {\"cwd\":\"/home/joy/Web Development/Projects/e-Commerce-App/functions\",\"node_version\":\"10.19.0\"}"}}
[debug] [2021-08-31T09:52:05.718Z] [runtime-status] [19729] Disabled runtime features: undefined {"metadata":{"emulator":{"name":"functions"},"function":{"name":"us-central1-product"},"message":"[runtime-status] [19729] Disabled runtime features: undefined"}}
[debug] [2021-08-31T09:52:05.720Z] [runtime-status] [19729] Resolved module firebase-admin {"declared":true,"installed":true,"version":"9.11.1","resolution":"/home/joy/Web Development/Projects/e-Commerce-App/functions/node_modules/firebase-admin/lib/index.js"} {"metadata":{"emulator":{"name":"functions"},"function":{"name":"us-central1-product"},"message":"[runtime-status] [19729] Resolved module firebase-admin {\"declared\":true,\"installed\":true,\"version\":\"9.11.1\",\"resolution\":\"/home/joy/Web Development/Projects/e-Commerce-App/functions/node_modules/firebase-admin/lib/index.js\"}"}}
[debug] [2021-08-31T09:52:05.722Z] [runtime-status] [19729] Resolved module firebase-functions {"declared":true,"installed":true,"version":"3.15.4","resolution":"/home/joy/Web Development/Projects/e-Commerce-App/functions/node_modules/firebase-functions/lib/index.js"} {"metadata":{"emulator":{"name":"functions"},"function":{"name":"us-central1-product"},"message":"[runtime-status] [19729] Resolved module firebase-functions {\"declared\":true,\"installed\":true,\"version\":\"3.15.4\",\"resolution\":\"/home/joy/Web Development/Projects/e-Commerce-App/functions/node_modules/firebase-functions/lib/index.js\"}"}}
[debug] [2021-08-31T09:52:05.723Z] [runtime-status] [19729] Resolved module firebase-functions {"declared":true,"installed":true,"version":"3.15.4","resolution":"/home/joy/Web Development/Projects/e-Commerce-App/functions/node_modules/firebase-functions/lib/index.js"} {"metadata":{"emulator":{"name":"functions"},"function":{"name":"us-central1-product"},"message":"[runtime-status] [19729] Resolved module firebase-functions {\"declared\":true,\"installed\":true,\"version\":\"3.15.4\",\"resolution\":\"/home/joy/Web Development/Projects/e-Commerce-App/functions/node_modules/firebase-functions/lib/index.js\"}"}}
[debug] [2021-08-31T09:52:05.728Z] [runtime-status] [19729] Outgoing network have been stubbed. [{"name":"http","status":"mocked"},{"name":"http","status":"mocked"},{"name":"https","status":"mocked"},{"name":"https","status":"mocked"},{"name":"net","status":"mocked"}] {"metadata":{"emulator":{"name":"functions"},"function":{"name":"us-central1-product"},"message":"[runtime-status] [19729] Outgoing network have been stubbed. [{\"name\":\"http\",\"status\":\"mocked\"},{\"name\":\"http\",\"status\":\"mocked\"},{\"name\":\"https\",\"status\":\"mocked\"},{\"name\":\"https\",\"status\":\"mocked\"},{\"name\":\"net\",\"status\":\"mocked\"}]"}}
[debug] [2021-08-31T09:52:05.728Z] [runtime-status] [19729] Resolved module firebase-functions {"declared":true,"installed":true,"version":"3.15.4","resolution":"/home/joy/Web Development/Projects/e-Commerce-App/functions/node_modules/firebase-functions/lib/index.js"} {"metadata":{"emulator":{"name":"functions"},"function":{"name":"us-central1-product"},"message":"[runtime-status] [19729] Resolved module firebase-functions {\"declared\":true,\"installed\":true,\"version\":\"3.15.4\",\"resolution\":\"/home/joy/Web Development/Projects/e-Commerce-App/functions/node_modules/firebase-functions/lib/index.js\"}"}}
[debug] [2021-08-31T09:52:05.775Z] [runtime-status] [19729] Checked functions.config() {"config":{}} {"metadata":{"emulator":{"name":"functions"},"function":{"name":"us-central1-product"},"message":"[runtime-status] [19729] Checked functions.config() {\"config\":{}}"}}
[debug] [2021-08-31T09:52:05.776Z] [runtime-status] [19729] firebase-functions has been stubbed. {"functionsResolution":{"declared":true,"installed":true,"version":"3.15.4","resolution":"/home/joy/Web Development/Projects/e-Commerce-App/functions/node_modules/firebase-functions/lib/index.js"}} {"metadata":{"emulator":{"name":"functions"},"function":{"name":"us-central1-product"},"message":"[runtime-status] [19729] firebase-functions has been stubbed. {\"functionsResolution\":{\"declared\":true,\"installed\":true,\"version\":\"3.15.4\",\"resolution\":\"/home/joy/Web Development/Projects/e-Commerce-App/functions/node_modules/firebase-functions/lib/index.js\"}}"}}
[debug] [2021-08-31T09:52:05.776Z] [runtime-status] [19729] Resolved module firebase-functions {"declared":true,"installed":true,"version":"3.15.4","resolution":"/home/joy/Web Development/Projects/e-Commerce-App/functions/node_modules/firebase-functions/lib/index.js"} {"metadata":{"emulator":{"name":"functions"},"function":{"name":"us-central1-product"},"message":"[runtime-status] [19729] Resolved module firebase-functions {\"declared\":true,\"installed\":true,\"version\":\"3.15.4\",\"resolution\":\"/home/joy/Web Development/Projects/e-Commerce-App/functions/node_modules/firebase-functions/lib/index.js\"}"}}
[debug] [2021-08-31T09:52:05.777Z] [runtime-status] [19729] Resolved module firebase-admin {"declared":true,"installed":true,"version":"9.11.1","resolution":"/home/joy/Web Development/Projects/e-Commerce-App/functions/node_modules/firebase-admin/lib/index.js"} {"metadata":{"emulator":{"name":"functions"},"function":{"name":"us-central1-product"},"message":"[runtime-status] [19729] Resolved module firebase-admin {\"declared\":true,\"installed\":true,\"version\":\"9.11.1\",\"resolution\":\"/home/joy/Web Development/Projects/e-Commerce-App/functions/node_modules/firebase-admin/lib/index.js\"}"}}
[debug] [2021-08-31T09:52:05.777Z] [runtime-status] [19729] Resolved module firebase-functions {"declared":true,"installed":true,"version":"3.15.4","resolution":"/home/joy/Web Development/Projects/e-Commerce-App/functions/node_modules/firebase-functions/lib/index.js"} {"metadata":{"emulator":{"name":"functions"},"function":{"name":"us-central1-product"},"message":"[runtime-status] [19729] Resolved module firebase-functions {\"declared\":true,\"installed\":true,\"version\":\"3.15.4\",\"resolution\":\"/home/joy/Web Development/Projects/e-Commerce-App/functions/node_modules/firebase-functions/lib/index.js\"}"}}
[debug] [2021-08-31T09:52:05.778Z] [runtime-status] [19729] firebase-admin has been stubbed. {"adminResolution":{"declared":true,"installed":true,"version":"9.11.1","resolution":"/home/joy/Web Development/Projects/e-Commerce-App/functions/node_modules/firebase-admin/lib/index.js"}} {"metadata":{"emulator":{"name":"functions"},"function":{"name":"us-central1-product"},"message":"[runtime-status] [19729] firebase-admin has been stubbed. {\"adminResolution\":{\"declared\":true,\"installed\":true,\"version\":\"9.11.1\",\"resolution\":\"/home/joy/Web Development/Projects/e-Commerce-App/functions/node_modules/firebase-admin/lib/index.js\"}}"}}
[debug] [2021-08-31T09:52:05.839Z] [runtime-status] [19729] initializeApp(DEFAULT) {"storageBucket":"bakeful-23873.appspot.com","projectId":"bakeful-23873"} {"metadata":{"emulator":{"name":"functions"},"function":{"name":"us-central1-product"},"message":"[runtime-status] [19729] initializeApp(DEFAULT) {\"storageBucket\":\"bakeful-23873.appspot.com\",\"projectId\":\"bakeful-23873\"}"}}
[debug] [2021-08-31T09:52:05.845Z] [runtime-status] [19729] Trigger "us-central1-product" has been found, beginning invocation! {"metadata":{"emulator":{"name":"functions"},"function":{"name":"us-central1-product"},"message":"[runtime-status] [19729] Trigger \"us-central1-product\" has been found, beginning invocation!"}}
[info] i  functions: Beginning execution of "us-central1-product" {"metadata":{"emulator":{"name":"functions"},"function":{"name":"us-central1-product"},"message":"Beginning execution of \"us-central1-product\""}}
[debug] [2021-08-31T09:52:05.845Z] [runtime-status] [19729] triggerDefinition {"httpsTrigger":{},"name":"product","entryPoint":"product","regions":["us-central1"],"region":"us-central1","id":"us-central1-product"} {"metadata":{"emulator":{"name":"functions"},"function":{"name":"us-central1-product"},"message":"[runtime-status] [19729] triggerDefinition {\"httpsTrigger\":{},\"name\":\"product\",\"entryPoint\":\"product\",\"regions\":[\"us-central1\"],\"region\":\"us-central1\",\"id\":\"us-central1-product\"}"}}
[debug] [2021-08-31T09:52:05.846Z] [runtime-status] [19729] Running us-central1-product in mode HTTPS {"metadata":{"emulator":{"name":"functions"},"function":{"name":"us-central1-product"},"message":"[runtime-status] [19729] Running us-central1-product in mode HTTPS"}}
[debug] [2021-08-31T09:52:05.850Z] [runtime-status] [19729] Attempting to listen to socketPath: /tmp/fire_emu_19729.sock {"metadata":{"emulator":{"name":"functions"},"function":{"name":"us-central1-product"},"message":"[runtime-status] [19729] Attempting to listen to socketPath: /tmp/fire_emu_19729.sock"}}
[debug] [2021-08-31T09:52:05.854Z] [functions] Runtime ready! Sending request! {"metadata":{"emulator":{"name":"functions"},"message":"[functions] Runtime ready! Sending request!"}}
[debug] [2021-08-31T09:52:05.854Z] [functions] Got req.url=/bakeful-23873/us-central1/product, mapping to path=/ {"metadata":{"emulator":{"name":"functions"},"message":"[functions] Got req.url=/bakeful-23873/us-central1/product, mapping to path=/"}}
[debug] [2021-08-31T09:52:05.870Z] [runtime-status] [19729] Ephemeral server handling GET request {"metadata":{"emulator":{"name":"functions"},"function":{"name":"us-central1-product"},"message":"[runtime-status] [19729] Ephemeral server handling GET request"}}
[debug] [2021-08-31T09:52:05.898Z] [runtime-status] [19729] Ephemeral server survived. {"metadata":{"emulator":{"name":"functions"},"function":{"name":"us-central1-product"},"message":"[runtime-status] [19729] Ephemeral server survived."}}
[debug] [2021-08-31T09:52:06.308Z] Aug 31, 2021 3:22:06 PM io.gapi.emulators.netty.HttpVersionRoutingHandler channelRead
INFO: Detected HTTP/2 connection.
 {"metadata":{"emulator":{"name":"firestore"},"message":"Aug 31, 2021 3:22:06 PM io.gapi.emulators.netty.HttpVersionRoutingHandler channelRead\nINFO: Detected HTTP/2 connection.\n"}}
[info] i  functions: Finished "us-central1-product" in ~1s {"metadata":{"emulator":{"name":"functions"},"function":{"name":"us-central1-product"},"message":"Finished \"us-central1-product\" in ~1s"}}
[debug] [2021-08-31T09:52:07.049Z] [worker-us-central1-product-289e3d74-f4f3-446c-95cc-cdb47a2da4b6]: IDLE {"metadata":{"emulator":{"name":"functions"},"message":"[worker-us-central1-product-289e3d74-f4f3-446c-95cc-cdb47a2da4b6]: IDLE"}}
[debug] [2021-08-31T09:52:07.050Z] [work-queue] {"queueLength":0,"workRunningCount":0}
[debug] [2021-08-31T09:52:09.103Z] Aug 31, 2021 3:22:09 PM io.gapi.emulators.netty.HttpVersionRoutingHandler channelRead
INFO: Detected non-HTTP/2 connection.
 {"metadata":{"emulator":{"name":"firestore"},"message":"Aug 31, 2021 3:22:09 PM io.gapi.emulators.netty.HttpVersionRoutingHandler channelRead\nINFO: Detected non-HTTP/2 connection.\n"}}
[debug] [2021-08-31T09:52:09.158Z] Aug 31, 2021 3:22:09 PM com.google.cloud.datastore.emulator.firestore.websocket.WebSocketChannelHandler initChannel
INFO: Connected to new websocket client
 {"metadata":{"emulator":{"name":"firestore"},"message":"Aug 31, 2021 3:22:09 PM com.google.cloud.datastore.emulator.firestore.websocket.WebSocketChannelHandler initChannel\nINFO: Connected to new websocket client\n"}}
[debug] [2021-08-31T09:52:13.018Z] Aug 31, 2021 3:22:13 PM io.gapi.emulators.netty.HttpVersionRoutingHandler channelRead
INFO: Detected non-HTTP/2 connection.
 {"metadata":{"emulator":{"name":"firestore"},"message":"Aug 31, 2021 3:22:13 PM io.gapi.emulators.netty.HttpVersionRoutingHandler channelRead\nINFO: Detected non-HTTP/2 connection.\n"}}
[debug] [2021-08-31T09:52:13.467Z] Aug 31, 2021 3:22:13 PM io.gapi.emulators.netty.HttpVersionRoutingHandler channelRead
INFO: Detected non-HTTP/2 connection.
 {"metadata":{"emulator":{"name":"firestore"},"message":"Aug 31, 2021 3:22:13 PM io.gapi.emulators.netty.HttpVersionRoutingHandler channelRead\nINFO: Detected non-HTTP/2 connection.\n"}}
[debug] [2021-08-31T09:52:13.511Z] Aug 31, 2021 3:22:13 PM io.gapi.emulators.netty.HttpVersionRoutingHandler channelRead
INFO: Detected HTTP/2 connection.
 {"metadata":{"emulator":{"name":"firestore"},"message":"Aug 31, 2021 3:22:13 PM io.gapi.emulators.netty.HttpVersionRoutingHandler channelRead\nINFO: Detected HTTP/2 connection.\n"}}
[debug] [2021-08-31T09:52:15.042Z] Aug 31, 2021 3:22:15 PM io.gapi.emulators.netty.HttpVersionRoutingHandler channelRead
INFO: Detected non-HTTP/2 connection.
 {"metadata":{"emulator":{"name":"firestore"},"message":"Aug 31, 2021 3:22:15 PM io.gapi.emulators.netty.HttpVersionRoutingHandler channelRead\nINFO: Detected non-HTTP/2 connection.\n"}}
[debug] [2021-08-31T09:52:17.070Z] Aug 31, 2021 3:22:17 PM io.gapi.emulators.netty.HttpVersionRoutingHandler channelRead
INFO: Detected non-HTTP/2 connection.
 {"metadata":{"emulator":{"name":"firestore"},"message":"Aug 31, 2021 3:22:17 PM io.gapi.emulators.netty.HttpVersionRoutingHandler channelRead\nINFO: Detected non-HTTP/2 connection.\n"}}
[debug] [2021-08-31T09:52:19.096Z] Aug 31, 2021 3:22:19 PM io.gapi.emulators.netty.HttpVersionRoutingHandler channelRead
INFO: Detected non-HTTP/2 connection.
 {"metadata":{"emulator":{"name":"firestore"},"message":"Aug 31, 2021 3:22:19 PM io.gapi.emulators.netty.HttpVersionRoutingHandler channelRead\nINFO: Detected non-HTTP/2 connection.\n"}}
[debug] [2021-08-31T09:52:21.127Z] Aug 31, 2021 3:22:21 PM io.gapi.emulators.netty.HttpVersionRoutingHandler channelRead
INFO: Detected non-HTTP/2 connection.
 {"metadata":{"emulator":{"name":"firestore"},"message":"Aug 31, 2021 3:22:21 PM io.gapi.emulators.netty.HttpVersionRoutingHandler channelRead\nINFO: Detected non-HTTP/2 connection.\n"}}
[debug] [2021-08-31T09:52:23.156Z] Aug 31, 2021 3:22:23 PM io.gapi.emulators.netty.HttpVersionRoutingHandler channelRead
INFO: Detected non-HTTP/2 connection.
 {"metadata":{"emulator":{"name":"firestore"},"message":"Aug 31, 2021 3:22:23 PM io.gapi.emulators.netty.HttpVersionRoutingHandler channelRead\nINFO: Detected non-HTTP/2 connection.\n"}}
[debug] [2021-08-31T09:52:25.185Z] Aug 31, 2021 3:22:25 PM io.gapi.emulators.netty.HttpVersionRoutingHandler channelRead
INFO: Detected non-HTTP/2 connection.
 {"metadata":{"emulator":{"name":"firestore"},"message":"Aug 31, 2021 3:22:25 PM io.gapi.emulators.netty.HttpVersionRoutingHandler channelRead\nINFO: Detected non-HTTP/2 connection.\n"}}
[debug] [2021-08-31T09:52:27.212Z] Aug 31, 2021 3:22:27 PM io.gapi.emulators.netty.HttpVersionRoutingHandler channelRead
INFO: Detected non-HTTP/2 connection.
 {"metadata":{"emulator":{"name":"firestore"},"message":"Aug 31, 2021 3:22:27 PM io.gapi.emulators.netty.HttpVersionRoutingHandler channelRead\nINFO: Detected non-HTTP/2 connection.\n"}}
[debug] [2021-08-31T09:52:29.238Z] Aug 31, 2021 3:22:29 PM io.gapi.emulators.netty.HttpVersionRoutingHandler channelRead
INFO: Detected non-HTTP/2 connection.
 {"metadata":{"emulator":{"name":"firestore"},"message":"Aug 31, 2021 3:22:29 PM io.gapi.emulators.netty.HttpVersionRoutingHandler channelRead\nINFO: Detected non-HTTP/2 connection.\n"}}
[debug] [2021-08-31T09:52:31.260Z] Aug 31, 2021 3:22:31 PM io.gapi.emulators.netty.HttpVersionRoutingHandler channelRead
INFO: Detected non-HTTP/2 connection.
 {"metadata":{"emulator":{"name":"firestore"},"message":"Aug 31, 2021 3:22:31 PM io.gapi.emulators.netty.HttpVersionRoutingHandler channelRead\nINFO: Detected non-HTTP/2 connection.\n"}}
[debug] [2021-08-31T09:52:33.283Z] Aug 31, 2021 3:22:33 PM io.gapi.emulators.netty.HttpVersionRoutingHandler channelRead
INFO: Detected non-HTTP/2 connection.
 {"metadata":{"emulator":{"name":"firestore"},"message":"Aug 31, 2021 3:22:33 PM io.gapi.emulators.netty.HttpVersionRoutingHandler channelRead\nINFO: Detected non-HTTP/2 connection.\n"}}
[debug] [2021-08-31T09:52:35.308Z] Aug 31, 2021 3:22:35 PM io.gapi.emulators.netty.HttpVersionRoutingHandler channelRead
INFO: Detected non-HTTP/2 connection.
 {"metadata":{"emulator":{"name":"firestore"},"message":"Aug 31, 2021 3:22:35 PM io.gapi.emulators.netty.HttpVersionRoutingHandler channelRead\nINFO: Detected non-HTTP/2 connection.\n"}}
[debug] [2021-08-31T09:52:37.329Z] Aug 31, 2021 3:22:37 PM io.gapi.emulators.netty.HttpVersionRoutingHandler channelRead
INFO: Detected non-HTTP/2 connection.
 {"metadata":{"emulator":{"name":"firestore"},"message":"Aug 31, 2021 3:22:37 PM io.gapi.emulators.netty.HttpVersionRoutingHandler channelRead\nINFO: Detected non-HTTP/2 connection.\n"}}
[debug] [2021-08-31T09:52:39.355Z] Aug 31, 2021 3:22:39 PM io.gapi.emulators.netty.HttpVersionRoutingHandler channelRead
INFO: Detected non-HTTP/2 connection.
 {"metadata":{"emulator":{"name":"firestore"},"message":"Aug 31, 2021 3:22:39 PM io.gapi.emulators.netty.HttpVersionRoutingHandler channelRead\nINFO: Detected non-HTTP/2 connection.\n"}}
[debug] [2021-08-31T09:52:41.378Z] Aug 31, 2021 3:22:41 PM io.gapi.emulators.netty.HttpVersionRoutingHandler channelRead
INFO: Detected non-HTTP/2 connection.
 {"metadata":{"emulator":{"name":"firestore"},"message":"Aug 31, 2021 3:22:41 PM io.gapi.emulators.netty.HttpVersionRoutingHandler channelRead\nINFO: Detected non-HTTP/2 connection.\n"}}
[debug] [2021-08-31T09:52:43.389Z] Aug 31, 2021 3:22:43 PM io.gapi.emulators.netty.HttpVersionRoutingHandler channelRead
INFO: Detected non-HTTP/2 connection.
 {"metadata":{"emulator":{"name":"firestore"},"message":"Aug 31, 2021 3:22:43 PM io.gapi.emulators.netty.HttpVersionRoutingHandler channelRead\nINFO: Detected non-HTTP/2 connection.\n"}}
[debug] [2021-08-31T09:52:45.399Z] Aug 31, 2021 3:22:45 PM io.gapi.emulators.netty.HttpVersionRoutingHandler channelRead
INFO: Detected non-HTTP/2 connection.
 {"metadata":{"emulator":{"name":"firestore"},"message":"Aug 31, 2021 3:22:45 PM io.gapi.emulators.netty.HttpVersionRoutingHandler channelRead\nINFO: Detected non-HTTP/2 connection.\n"}}
[debug] [2021-08-31T09:52:47.413Z] Aug 31, 2021 3:22:47 PM io.gapi.emulators.netty.HttpVersionRoutingHandler channelRead
INFO: Detected non-HTTP/2 connection.
 {"metadata":{"emulator":{"name":"firestore"},"message":"Aug 31, 2021 3:22:47 PM io.gapi.emulators.netty.HttpVersionRoutingHandler channelRead\nINFO: Detected non-HTTP/2 connection.\n"}}
[debug] [2021-08-31T09:52:49.424Z] Aug 31, 2021 3:22:49 PM io.gapi.emulators.netty.HttpVersionRoutingHandler channelRead
INFO: Detected non-HTTP/2 connection.
 {"metadata":{"emulator":{"name":"firestore"},"message":"Aug 31, 2021 3:22:49 PM io.gapi.emulators.netty.HttpVersionRoutingHandler channelRead\nINFO: Detected non-HTTP/2 connection.\n"}}
[debug] [2021-08-31T09:52:51.433Z] Aug 31, 2021 3:22:51 PM io.gapi.emulators.netty.HttpVersionRoutingHandler channelRead
INFO: Detected non-HTTP/2 connection.
 {"metadata":{"emulator":{"name":"firestore"},"message":"Aug 31, 2021 3:22:51 PM io.gapi.emulators.netty.HttpVersionRoutingHandler channelRead\nINFO: Detected non-HTTP/2 connection.\n"}}
[debug] [2021-08-31T09:52:53.451Z] Aug 31, 2021 3:22:53 PM io.gapi.emulators.netty.HttpVersionRoutingHandler channelRead
INFO: Detected non-HTTP/2 connection.
 {"metadata":{"emulator":{"name":"firestore"},"message":"Aug 31, 2021 3:22:53 PM io.gapi.emulators.netty.HttpVersionRoutingHandler channelRead\nINFO: Detected non-HTTP/2 connection.\n"}}
[debug] [2021-08-31T09:52:55.474Z] Aug 31, 2021 3:22:55 PM io.gapi.emulators.netty.HttpVersionRoutingHandler channelRead
INFO: Detected non-HTTP/2 connection.
 {"metadata":{"emulator":{"name":"firestore"},"message":"Aug 31, 2021 3:22:55 PM io.gapi.emulators.netty.HttpVersionRoutingHandler channelRead\nINFO: Detected non-HTTP/2 connection.\n"}}
[debug] [2021-08-31T09:52:57.499Z] Aug 31, 2021 3:22:57 PM io.gapi.emulators.netty.HttpVersionRoutingHandler channelRead
INFO: Detected non-HTTP/2 connection.
 {"metadata":{"emulator":{"name":"firestore"},"message":"Aug 31, 2021 3:22:57 PM io.gapi.emulators.netty.HttpVersionRoutingHandler channelRead\nINFO: Detected non-HTTP/2 connection.\n"}}
[debug] [2021-08-31T09:52:59.512Z] Aug 31, 2021 3:22:59 PM io.gapi.emulators.netty.HttpVersionRoutingHandler channelRead
INFO: Detected non-HTTP/2 connection.
 {"metadata":{"emulator":{"name":"firestore"},"message":"Aug 31, 2021 3:22:59 PM io.gapi.emulators.netty.HttpVersionRoutingHandler channelRead\nINFO: Detected non-HTTP/2 connection.\n"}}
[debug] [2021-08-31T09:53:01.528Z] Aug 31, 2021 3:23:01 PM io.gapi.emulators.netty.HttpVersionRoutingHandler channelRead
INFO: Detected non-HTTP/2 connection.
 {"metadata":{"emulator":{"name":"firestore"},"message":"Aug 31, 2021 3:23:01 PM io.gapi.emulators.netty.HttpVersionRoutingHandler channelRead\nINFO: Detected non-HTTP/2 connection.\n"}}
[debug] [2021-08-31T09:53:03.551Z] Aug 31, 2021 3:23:03 PM io.gapi.emulators.netty.HttpVersionRoutingHandler channelRead
INFO: Detected non-HTTP/2 connection.
 {"metadata":{"emulator":{"name":"firestore"},"message":"Aug 31, 2021 3:23:03 PM io.gapi.emulators.netty.HttpVersionRoutingHandler channelRead\nINFO: Detected non-HTTP/2 connection.\n"}}
[debug] [2021-08-31T09:53:05.569Z] Aug 31, 2021 3:23:05 PM io.gapi.emulators.netty.HttpVersionRoutingHandler channelRead
INFO: Detected non-HTTP/2 connection.
 {"metadata":{"emulator":{"name":"firestore"},"message":"Aug 31, 2021 3:23:05 PM io.gapi.emulators.netty.HttpVersionRoutingHandler channelRead\nINFO: Detected non-HTTP/2 connection.\n"}}
[debug] [2021-08-31T09:53:07.587Z] Aug 31, 2021 3:23:07 PM io.gapi.emulators.netty.HttpVersionRoutingHandler channelRead
INFO: Detected non-HTTP/2 connection.
 {"metadata":{"emulator":{"name":"firestore"},"message":"Aug 31, 2021 3:23:07 PM io.gapi.emulators.netty.HttpVersionRoutingHandler channelRead\nINFO: Detected non-HTTP/2 connection.\n"}}
[debug] [2021-08-31T09:53:09.608Z] Aug 31, 2021 3:23:09 PM io.gapi.emulators.netty.HttpVersionRoutingHandler channelRead
INFO: Detected non-HTTP/2 connection.
 {"metadata":{"emulator":{"name":"firestore"},"message":"Aug 31, 2021 3:23:09 PM io.gapi.emulators.netty.HttpVersionRoutingHandler channelRead\nINFO: Detected non-HTTP/2 connection.\n"}}
[debug] [2021-08-31T09:53:12.155Z] Aug 31, 2021 3:23:12 PM io.gapi.emulators.netty.HttpVersionRoutingHandler channelRead
INFO: Detected non-HTTP/2 connection.
 {"metadata":{"emulator":{"name":"firestore"},"message":"Aug 31, 2021 3:23:12 PM io.gapi.emulators.netty.HttpVersionRoutingHandler channelRead\nINFO: Detected non-HTTP/2 connection.\n"}}
[debug] [2021-08-31T09:53:14.173Z] Aug 31, 2021 3:23:14 PM io.gapi.emulators.netty.HttpVersionRoutingHandler channelRead
INFO: Detected non-HTTP/2 connection.
 {"metadata":{"emulator":{"name":"firestore"},"message":"Aug 31, 2021 3:23:14 PM io.gapi.emulators.netty.HttpVersionRoutingHandler channelRead\nINFO: Detected non-HTTP/2 connection.\n"}}
[debug] [2021-08-31T09:53:16.193Z] Aug 31, 2021 3:23:16 PM io.gapi.emulators.netty.HttpVersionRoutingHandler channelRead
INFO: Detected non-HTTP/2 connection.
 {"metadata":{"emulator":{"name":"firestore"},"message":"Aug 31, 2021 3:23:16 PM io.gapi.emulators.netty.HttpVersionRoutingHandler channelRead\nINFO: Detected non-HTTP/2 connection.\n"}}
[debug] [2021-08-31T09:53:18.212Z] Aug 31, 2021 3:23:18 PM io.gapi.emulators.netty.HttpVersionRoutingHandler channelRead
INFO: Detected non-HTTP/2 connection.
 {"metadata":{"emulator":{"name":"firestore"},"message":"Aug 31, 2021 3:23:18 PM io.gapi.emulators.netty.HttpVersionRoutingHandler channelRead\nINFO: Detected non-HTTP/2 connection.\n"}}
[debug] [2021-08-31T09:53:20.235Z] Aug 31, 2021 3:23:20 PM io.gapi.emulators.netty.HttpVersionRoutingHandler channelRead
INFO: Detected non-HTTP/2 connection.
 {"metadata":{"emulator":{"name":"firestore"},"message":"Aug 31, 2021 3:23:20 PM io.gapi.emulators.netty.HttpVersionRoutingHandler channelRead\nINFO: Detected non-HTTP/2 connection.\n"}}
[debug] [2021-08-31T09:53:22.256Z] Aug 31, 2021 3:23:22 PM io.gapi.emulators.netty.HttpVersionRoutingHandler channelRead
INFO: Detected non-HTTP/2 connection.
 {"metadata":{"emulator":{"name":"firestore"},"message":"Aug 31, 2021 3:23:22 PM io.gapi.emulators.netty.HttpVersionRoutingHandler channelRead\nINFO: Detected non-HTTP/2 connection.\n"}}
[debug] [2021-08-31T09:53:24.278Z] Aug 31, 2021 3:23:24 PM io.gapi.emulators.netty.HttpVersionRoutingHandler channelRead
INFO: Detected non-HTTP/2 connection.
 {"metadata":{"emulator":{"name":"firestore"},"message":"Aug 31, 2021 3:23:24 PM io.gapi.emulators.netty.HttpVersionRoutingHandler channelRead\nINFO: Detected non-HTTP/2 connection.\n"}}
[debug] [2021-08-31T09:53:26.299Z] Aug 31, 2021 3:23:26 PM io.gapi.emulators.netty.HttpVersionRoutingHandler channelRead
INFO: Detected non-HTTP/2 connection.
 {"metadata":{"emulator":{"name":"firestore"},"message":"Aug 31, 2021 3:23:26 PM io.gapi.emulators.netty.HttpVersionRoutingHandler channelRead\nINFO: Detected non-HTTP/2 connection.\n"}}
[debug] [2021-08-31T09:53:28.321Z] Aug 31, 2021 3:23:28 PM io.gapi.emulators.netty.HttpVersionRoutingHandler channelRead
INFO: Detected non-HTTP/2 connection.
 {"metadata":{"emulator":{"name":"firestore"},"message":"Aug 31, 2021 3:23:28 PM io.gapi.emulators.netty.HttpVersionRoutingHandler channelRead\nINFO: Detected non-HTTP/2 connection.\n"}}
[debug] [2021-08-31T09:53:30.342Z] Aug 31, 2021 3:23:30 PM io.gapi.emulators.netty.HttpVersionRoutingHandler channelRead
INFO: Detected non-HTTP/2 connection.
 {"metadata":{"emulator":{"name":"firestore"},"message":"Aug 31, 2021 3:23:30 PM io.gapi.emulators.netty.HttpVersionRoutingHandler channelRead\nINFO: Detected non-HTTP/2 connection.\n"}}
[debug] [2021-08-31T09:53:32.363Z] Aug 31, 2021 3:23:32 PM io.gapi.emulators.netty.HttpVersionRoutingHandler channelRead
INFO: Detected non-HTTP/2 connection.
 {"metadata":{"emulator":{"name":"firestore"},"message":"Aug 31, 2021 3:23:32 PM io.gapi.emulators.netty.HttpVersionRoutingHandler channelRead\nINFO: Detected non-HTTP/2 connection.\n"}}
[debug] [2021-08-31T09:53:34.385Z] Aug 31, 2021 3:23:34 PM io.gapi.emulators.netty.HttpVersionRoutingHandler channelRead
INFO: Detected non-HTTP/2 connection.
 {"metadata":{"emulator":{"name":"firestore"},"message":"Aug 31, 2021 3:23:34 PM io.gapi.emulators.netty.HttpVersionRoutingHandler channelRead\nINFO: Detected non-HTTP/2 connection.\n"}}
[debug] [2021-08-31T09:53:36.404Z] Aug 31, 2021 3:23:36 PM io.gapi.emulators.netty.HttpVersionRoutingHandler channelRead
INFO: Detected non-HTTP/2 connection.
 {"metadata":{"emulator":{"name":"firestore"},"message":"Aug 31, 2021 3:23:36 PM io.gapi.emulators.netty.HttpVersionRoutingHandler channelRead\nINFO: Detected non-HTTP/2 connection.\n"}}
[debug] [2021-08-31T09:53:38.422Z] Aug 31, 2021 3:23:38 PM io.gapi.emulators.netty.HttpVersionRoutingHandler channelRead
INFO: Detected non-HTTP/2 connection.
 {"metadata":{"emulator":{"name":"firestore"},"message":"Aug 31, 2021 3:23:38 PM io.gapi.emulators.netty.HttpVersionRoutingHandler channelRead\nINFO: Detected non-HTTP/2 connection.\n"}}
[debug] [2021-08-31T09:53:40.442Z] Aug 31, 2021 3:23:40 PM io.gapi.emulators.netty.HttpVersionRoutingHandler channelRead
INFO: Detected non-HTTP/2 connection.
 {"metadata":{"emulator":{"name":"firestore"},"message":"Aug 31, 2021 3:23:40 PM io.gapi.emulators.netty.HttpVersionRoutingHandler channelRead\nINFO: Detected non-HTTP/2 connection.\n"}}
[debug] [2021-08-31T09:53:42.462Z] Aug 31, 2021 3:23:42 PM io.gapi.emulators.netty.HttpVersionRoutingHandler channelRead
INFO: Detected non-HTTP/2 connection.
 {"metadata":{"emulator":{"name":"firestore"},"message":"Aug 31, 2021 3:23:42 PM io.gapi.emulators.netty.HttpVersionRoutingHandler channelRead\nINFO: Detected non-HTTP/2 connection.\n"}}
[debug] [2021-08-31T09:53:44.482Z] Aug 31, 2021 3:23:44 PM io.gapi.emulators.netty.HttpVersionRoutingHandler channelRead
INFO: Detected non-HTTP/2 connection.
 {"metadata":{"emulator":{"name":"firestore"},"message":"Aug 31, 2021 3:23:44 PM io.gapi.emulators.netty.HttpVersionRoutingHandler channelRead\nINFO: Detected non-HTTP/2 connection.\n"}}
[debug] [2021-08-31T09:53:46.502Z] Aug 31, 2021 3:23:46 PM io.gapi.emulators.netty.HttpVersionRoutingHandler channelRead
INFO: Detected non-HTTP/2 connection.
 {"metadata":{"emulator":{"name":"firestore"},"message":"Aug 31, 2021 3:23:46 PM io.gapi.emulators.netty.HttpVersionRoutingHandler channelRead\nINFO: Detected non-HTTP/2 connection.\n"}}
[debug] [2021-08-31T09:53:48.522Z] Aug 31, 2021 3:23:48 PM io.gapi.emulators.netty.HttpVersionRoutingHandler channelRead
INFO: Detected non-HTTP/2 connection.
 {"metadata":{"emulator":{"name":"firestore"},"message":"Aug 31, 2021 3:23:48 PM io.gapi.emulators.netty.HttpVersionRoutingHandler channelRead\nINFO: Detected non-HTTP/2 connection.\n"}}
[debug] [2021-08-31T09:53:50.540Z] Aug 31, 2021 3:23:50 PM io.gapi.emulators.netty.HttpVersionRoutingHandler channelRead
INFO: Detected non-HTTP/2 connection.
 {"metadata":{"emulator":{"name":"firestore"},"message":"Aug 31, 2021 3:23:50 PM io.gapi.emulators.netty.HttpVersionRoutingHandler channelRead\nINFO: Detected non-HTTP/2 connection.\n"}}
[debug] [2021-08-31T09:53:52.560Z] Aug 31, 2021 3:23:52 PM io.gapi.emulators.netty.HttpVersionRoutingHandler channelRead
INFO: Detected non-HTTP/2 connection.
 {"metadata":{"emulator":{"name":"firestore"},"message":"Aug 31, 2021 3:23:52 PM io.gapi.emulators.netty.HttpVersionRoutingHandler channelRead\nINFO: Detected non-HTTP/2 connection.\n"}}
[debug] [2021-08-31T09:53:54.579Z] Aug 31, 2021 3:23:54 PM io.gapi.emulators.netty.HttpVersionRoutingHandler channelRead
INFO: Detected non-HTTP/2 connection.
 {"metadata":{"emulator":{"name":"firestore"},"message":"Aug 31, 2021 3:23:54 PM io.gapi.emulators.netty.HttpVersionRoutingHandler channelRead\nINFO: Detected non-HTTP/2 connection.\n"}}
[debug] [2021-08-31T09:53:56.598Z] Aug 31, 2021 3:23:56 PM io.gapi.emulators.netty.HttpVersionRoutingHandler channelRead
INFO: Detected non-HTTP/2 connection.
 {"metadata":{"emulator":{"name":"firestore"},"message":"Aug 31, 2021 3:23:56 PM io.gapi.emulators.netty.HttpVersionRoutingHandler channelRead\nINFO: Detected non-HTTP/2 connection.\n"}}
[debug] [2021-08-31T09:53:58.627Z] Aug 31, 2021 3:23:58 PM io.gapi.emulators.netty.HttpVersionRoutingHandler channelRead
INFO: Detected non-HTTP/2 connection.
 {"metadata":{"emulator":{"name":"firestore"},"message":"Aug 31, 2021 3:23:58 PM io.gapi.emulators.netty.HttpVersionRoutingHandler channelRead\nINFO: Detected non-HTTP/2 connection.\n"}}
[debug] [2021-08-31T09:54:00.649Z] Aug 31, 2021 3:24:00 PM io.gapi.emulators.netty.HttpVersionRoutingHandler channelRead
INFO: Detected non-HTTP/2 connection.
 {"metadata":{"emulator":{"name":"firestore"},"message":"Aug 31, 2021 3:24:00 PM io.gapi.emulators.netty.HttpVersionRoutingHandler channelRead\nINFO: Detected non-HTTP/2 connection.\n"}}
[debug] [2021-08-31T09:54:02.676Z] Aug 31, 2021 3:24:02 PM io.gapi.emulators.netty.HttpVersionRoutingHandler channelRead
INFO: Detected non-HTTP/2 connection.
 {"metadata":{"emulator":{"name":"firestore"},"message":"Aug 31, 2021 3:24:02 PM io.gapi.emulators.netty.HttpVersionRoutingHandler channelRead\nINFO: Detected non-HTTP/2 connection.\n"}}
[debug] [2021-08-31T09:54:04.687Z] Aug 31, 2021 3:24:04 PM io.gapi.emulators.netty.HttpVersionRoutingHandler channelRead
INFO: Detected non-HTTP/2 connection.
 {"metadata":{"emulator":{"name":"firestore"},"message":"Aug 31, 2021 3:24:04 PM io.gapi.emulators.netty.HttpVersionRoutingHandler channelRead\nINFO: Detected non-HTTP/2 connection.\n"}}
[debug] [2021-08-31T09:54:06.708Z] Aug 31, 2021 3:24:06 PM io.gapi.emulators.netty.HttpVersionRoutingHandler channelRead
INFO: Detected non-HTTP/2 connection.
 {"metadata":{"emulator":{"name":"firestore"},"message":"Aug 31, 2021 3:24:06 PM io.gapi.emulators.netty.HttpVersionRoutingHandler channelRead\nINFO: Detected non-HTTP/2 connection.\n"}}
[debug] [2021-08-31T09:54:08.734Z] Aug 31, 2021 3:24:08 PM io.gapi.emulators.netty.HttpVersionRoutingHandler channelRead
INFO: Detected non-HTTP/2 connection.
 {"metadata":{"emulator":{"name":"firestore"},"message":"Aug 31, 2021 3:24:08 PM io.gapi.emulators.netty.HttpVersionRoutingHandler channelRead\nINFO: Detected non-HTTP/2 connection.\n"}}
[debug] [2021-08-31T09:54:10.756Z] Aug 31, 2021 3:24:10 PM io.gapi.emulators.netty.HttpVersionRoutingHandler channelRead
INFO: Detected non-HTTP/2 connection.
 {"metadata":{"emulator":{"name":"firestore"},"message":"Aug 31, 2021 3:24:10 PM io.gapi.emulators.netty.HttpVersionRoutingHandler channelRead\nINFO: Detected non-HTTP/2 connection.\n"}}
[debug] [2021-08-31T09:54:12.777Z] Aug 31, 2021 3:24:12 PM io.gapi.emulators.netty.HttpVersionRoutingHandler channelRead
INFO: Detected non-HTTP/2 connection.
 {"metadata":{"emulator":{"name":"firestore"},"message":"Aug 31, 2021 3:24:12 PM io.gapi.emulators.netty.HttpVersionRoutingHandler channelRead\nINFO: Detected non-HTTP/2 connection.\n"}}
[debug] [2021-08-31T09:54:14.797Z] Aug 31, 2021 3:24:14 PM io.gapi.emulators.netty.HttpVersionRoutingHandler channelRead
INFO: Detected non-HTTP/2 connection.
 {"metadata":{"emulator":{"name":"firestore"},"message":"Aug 31, 2021 3:24:14 PM io.gapi.emulators.netty.HttpVersionRoutingHandler channelRead\nINFO: Detected non-HTTP/2 connection.\n"}}
[debug] [2021-08-31T09:54:16.813Z] Aug 31, 2021 3:24:16 PM io.gapi.emulators.netty.HttpVersionRoutingHandler channelRead
INFO: Detected non-HTTP/2 connection.
 {"metadata":{"emulator":{"name":"firestore"},"message":"Aug 31, 2021 3:24:16 PM io.gapi.emulators.netty.HttpVersionRoutingHandler channelRead\nINFO: Detected non-HTTP/2 connection.\n"}}
[debug] [2021-08-31T09:54:18.835Z] Aug 31, 2021 3:24:18 PM io.gapi.emulators.netty.HttpVersionRoutingHandler channelRead
INFO: Detected non-HTTP/2 connection.
 {"metadata":{"emulator":{"name":"firestore"},"message":"Aug 31, 2021 3:24:18 PM io.gapi.emulators.netty.HttpVersionRoutingHandler channelRead\nINFO: Detected non-HTTP/2 connection.\n"}}
[debug] [2021-08-31T09:54:20.852Z] Aug 31, 2021 3:24:20 PM io.gapi.emulators.netty.HttpVersionRoutingHandler channelRead
INFO: Detected non-HTTP/2 connection.
 {"metadata":{"emulator":{"name":"firestore"},"message":"Aug 31, 2021 3:24:20 PM io.gapi.emulators.netty.HttpVersionRoutingHandler channelRead\nINFO: Detected non-HTTP/2 connection.\n"}}
[debug] [2021-08-31T09:54:22.870Z] Aug 31, 2021 3:24:22 PM io.gapi.emulators.netty.HttpVersionRoutingHandler channelRead
INFO: Detected non-HTTP/2 connection.
 {"metadata":{"emulator":{"name":"firestore"},"message":"Aug 31, 2021 3:24:22 PM io.gapi.emulators.netty.HttpVersionRoutingHandler channelRead\nINFO: Detected non-HTTP/2 connection.\n"}}
[debug] [2021-08-31T09:54:24.887Z] Aug 31, 2021 3:24:24 PM io.gapi.emulators.netty.HttpVersionRoutingHandler channelRead
INFO: Detected non-HTTP/2 connection.
 {"metadata":{"emulator":{"name":"firestore"},"message":"Aug 31, 2021 3:24:24 PM io.gapi.emulators.netty.HttpVersionRoutingHandler channelRead\nINFO: Detected non-HTTP/2 connection.\n"}}
[debug] [2021-08-31T09:54:26.906Z] Aug 31, 2021 3:24:26 PM io.gapi.emulators.netty.HttpVersionRoutingHandler channelRead
INFO: Detected non-HTTP/2 connection.
 {"metadata":{"emulator":{"name":"firestore"},"message":"Aug 31, 2021 3:24:26 PM io.gapi.emulators.netty.HttpVersionRoutingHandler channelRead\nINFO: Detected non-HTTP/2 connection.\n"}}
[debug] [2021-08-31T09:54:28.926Z] Aug 31, 2021 3:24:28 PM io.gapi.emulators.netty.HttpVersionRoutingHandler channelRead
INFO: Detected non-HTTP/2 connection.
 {"metadata":{"emulator":{"name":"firestore"},"message":"Aug 31, 2021 3:24:28 PM io.gapi.emulators.netty.HttpVersionRoutingHandler channelRead\nINFO: Detected non-HTTP/2 connection.\n"}}
[debug] [2021-08-31T09:54:30.943Z] Aug 31, 2021 3:24:30 PM io.gapi.emulators.netty.HttpVersionRoutingHandler channelRead
INFO: Detected non-HTTP/2 connection.
 {"metadata":{"emulator":{"name":"firestore"},"message":"Aug 31, 2021 3:24:30 PM io.gapi.emulators.netty.HttpVersionRoutingHandler channelRead\nINFO: Detected non-HTTP/2 connection.\n"}}
[debug] [2021-08-31T09:54:32.964Z] Aug 31, 2021 3:24:32 PM io.gapi.emulators.netty.HttpVersionRoutingHandler channelRead
INFO: Detected non-HTTP/2 connection.
 {"metadata":{"emulator":{"name":"firestore"},"message":"Aug 31, 2021 3:24:32 PM io.gapi.emulators.netty.HttpVersionRoutingHandler channelRead\nINFO: Detected non-HTTP/2 connection.\n"}}
[debug] [2021-08-31T09:54:34.984Z] Aug 31, 2021 3:24:34 PM io.gapi.emulators.netty.HttpVersionRoutingHandler channelRead
INFO: Detected non-HTTP/2 connection.
 {"metadata":{"emulator":{"name":"firestore"},"message":"Aug 31, 2021 3:24:34 PM io.gapi.emulators.netty.HttpVersionRoutingHandler channelRead\nINFO: Detected non-HTTP/2 connection.\n"}}
[debug] [2021-08-31T09:54:37.005Z] Aug 31, 2021 3:24:37 PM io.gapi.emulators.netty.HttpVersionRoutingHandler channelRead
INFO: Detected non-HTTP/2 connection.
 {"metadata":{"emulator":{"name":"firestore"},"message":"Aug 31, 2021 3:24:37 PM io.gapi.emulators.netty.HttpVersionRoutingHandler channelRead\nINFO: Detected non-HTTP/2 connection.\n"}}
[debug] [2021-08-31T09:54:39.023Z] Aug 31, 2021 3:24:39 PM io.gapi.emulators.netty.HttpVersionRoutingHandler channelRead
INFO: Detected non-HTTP/2 connection.
 {"metadata":{"emulator":{"name":"firestore"},"message":"Aug 31, 2021 3:24:39 PM io.gapi.emulators.netty.HttpVersionRoutingHandler channelRead\nINFO: Detected non-HTTP/2 connection.\n"}}
[debug] [2021-08-31T09:54:41.043Z] Aug 31, 2021 3:24:41 PM io.gapi.emulators.netty.HttpVersionRoutingHandler channelRead
INFO: Detected non-HTTP/2 connection.
 {"metadata":{"emulator":{"name":"firestore"},"message":"Aug 31, 2021 3:24:41 PM io.gapi.emulators.netty.HttpVersionRoutingHandler channelRead\nINFO: Detected non-HTTP/2 connection.\n"}}
[debug] [2021-08-31T09:54:43.067Z] Aug 31, 2021 3:24:43 PM io.gapi.emulators.netty.HttpVersionRoutingHandler channelRead
INFO: Detected non-HTTP/2 connection.
 {"metadata":{"emulator":{"name":"firestore"},"message":"Aug 31, 2021 3:24:43 PM io.gapi.emulators.netty.HttpVersionRoutingHandler channelRead\nINFO: Detected non-HTTP/2 connection.\n"}}
[debug] [2021-08-31T09:54:45.089Z] Aug 31, 2021 3:24:45 PM io.gapi.emulators.netty.HttpVersionRoutingHandler channelRead
INFO: Detected non-HTTP/2 connection.
 {"metadata":{"emulator":{"name":"firestore"},"message":"Aug 31, 2021 3:24:45 PM io.gapi.emulators.netty.HttpVersionRoutingHandler channelRead\nINFO: Detected non-HTTP/2 connection.\n"}}
[debug] [2021-08-31T09:54:47.108Z] Aug 31, 2021 3:24:47 PM io.gapi.emulators.netty.HttpVersionRoutingHandler channelRead
INFO: Detected non-HTTP/2 connection.
 {"metadata":{"emulator":{"name":"firestore"},"message":"Aug 31, 2021 3:24:47 PM io.gapi.emulators.netty.HttpVersionRoutingHandler channelRead\nINFO: Detected non-HTTP/2 connection.\n"}}
[debug] [2021-08-31T09:54:49.129Z] Aug 31, 2021 3:24:49 PM io.gapi.emulators.netty.HttpVersionRoutingHandler channelRead
INFO: Detected non-HTTP/2 connection.
 {"metadata":{"emulator":{"name":"firestore"},"message":"Aug 31, 2021 3:24:49 PM io.gapi.emulators.netty.HttpVersionRoutingHandler channelRead\nINFO: Detected non-HTTP/2 connection.\n"}}
[debug] [2021-08-31T09:54:51.147Z] Aug 31, 2021 3:24:51 PM io.gapi.emulators.netty.HttpVersionRoutingHandler channelRead
INFO: Detected non-HTTP/2 connection.
 {"metadata":{"emulator":{"name":"firestore"},"message":"Aug 31, 2021 3:24:51 PM io.gapi.emulators.netty.HttpVersionRoutingHandler channelRead\nINFO: Detected non-HTTP/2 connection.\n"}}
[debug] [2021-08-31T09:54:53.168Z] Aug 31, 2021 3:24:53 PM io.gapi.emulators.netty.HttpVersionRoutingHandler channelRead
INFO: Detected non-HTTP/2 connection.
 {"metadata":{"emulator":{"name":"firestore"},"message":"Aug 31, 2021 3:24:53 PM io.gapi.emulators.netty.HttpVersionRoutingHandler channelRead\nINFO: Detected non-HTTP/2 connection.\n"}}
[debug] [2021-08-31T09:54:55.188Z] Aug 31, 2021 3:24:55 PM io.gapi.emulators.netty.HttpVersionRoutingHandler channelRead
INFO: Detected non-HTTP/2 connection.
 {"metadata":{"emulator":{"name":"firestore"},"message":"Aug 31, 2021 3:24:55 PM io.gapi.emulators.netty.HttpVersionRoutingHandler channelRead\nINFO: Detected non-HTTP/2 connection.\n"}}
[debug] [2021-08-31T09:54:57.207Z] Aug 31, 2021 3:24:57 PM io.gapi.emulators.netty.HttpVersionRoutingHandler channelRead
INFO: Detected non-HTTP/2 connection.
 {"metadata":{"emulator":{"name":"firestore"},"message":"Aug 31, 2021 3:24:57 PM io.gapi.emulators.netty.HttpVersionRoutingHandler channelRead\nINFO: Detected non-HTTP/2 connection.\n"}}
[debug] [2021-08-31T09:54:59.223Z] Aug 31, 2021 3:24:59 PM io.gapi.emulators.netty.HttpVersionRoutingHandler channelRead
INFO: Detected non-HTTP/2 connection.
 {"metadata":{"emulator":{"name":"firestore"},"message":"Aug 31, 2021 3:24:59 PM io.gapi.emulators.netty.HttpVersionRoutingHandler channelRead\nINFO: Detected non-HTTP/2 connection.\n"}}
[debug] [2021-08-31T09:55:01.245Z] Aug 31, 2021 3:25:01 PM io.gapi.emulators.netty.HttpVersionRoutingHandler channelRead
INFO: Detected non-HTTP/2 connection.
 {"metadata":{"emulator":{"name":"firestore"},"message":"Aug 31, 2021 3:25:01 PM io.gapi.emulators.netty.HttpVersionRoutingHandler channelRead\nINFO: Detected non-HTTP/2 connection.\n"}}
[debug] [2021-08-31T09:55:03.267Z] Aug 31, 2021 3:25:03 PM io.gapi.emulators.netty.HttpVersionRoutingHandler channelRead
INFO: Detected non-HTTP/2 connection.
 {"metadata":{"emulator":{"name":"firestore"},"message":"Aug 31, 2021 3:25:03 PM io.gapi.emulators.netty.HttpVersionRoutingHandler channelRead\nINFO: Detected non-HTTP/2 connection.\n"}}
[debug] [2021-08-31T09:55:05.288Z] Aug 31, 2021 3:25:05 PM io.gapi.emulators.netty.HttpVersionRoutingHandler channelRead
INFO: Detected non-HTTP/2 connection.
 {"metadata":{"emulator":{"name":"firestore"},"message":"Aug 31, 2021 3:25:05 PM io.gapi.emulators.netty.HttpVersionRoutingHandler channelRead\nINFO: Detected non-HTTP/2 connection.\n"}}
[debug] [2021-08-31T09:55:07.310Z] Aug 31, 2021 3:25:07 PM io.gapi.emulators.netty.HttpVersionRoutingHandler channelRead
INFO: Detected non-HTTP/2 connection.
 {"metadata":{"emulator":{"name":"firestore"},"message":"Aug 31, 2021 3:25:07 PM io.gapi.emulators.netty.HttpVersionRoutingHandler channelRead\nINFO: Detected non-HTTP/2 connection.\n"}}
[debug] [2021-08-31T09:55:09.327Z] Aug 31, 2021 3:25:09 PM io.gapi.emulators.netty.HttpVersionRoutingHandler channelRead
INFO: Detected non-HTTP/2 connection.
 {"metadata":{"emulator":{"name":"firestore"},"message":"Aug 31, 2021 3:25:09 PM io.gapi.emulators.netty.HttpVersionRoutingHandler channelRead\nINFO: Detected non-HTTP/2 connection.\n"}}
[debug] [2021-08-31T09:55:11.345Z] Aug 31, 2021 3:25:11 PM io.gapi.emulators.netty.HttpVersionRoutingHandler channelRead
INFO: Detected non-HTTP/2 connection.
 {"metadata":{"emulator":{"name":"firestore"},"message":"Aug 31, 2021 3:25:11 PM io.gapi.emulators.netty.HttpVersionRoutingHandler channelRead\nINFO: Detected non-HTTP/2 connection.\n"}}
[debug] [2021-08-31T09:55:13.365Z] Aug 31, 2021 3:25:13 PM io.gapi.emulators.netty.HttpVersionRoutingHandler channelRead
INFO: Detected non-HTTP/2 connection.
 {"metadata":{"emulator":{"name":"firestore"},"message":"Aug 31, 2021 3:25:13 PM io.gapi.emulators.netty.HttpVersionRoutingHandler channelRead\nINFO: Detected non-HTTP/2 connection.\n"}}
[debug] [2021-08-31T09:55:15.382Z] Aug 31, 2021 3:25:15 PM io.gapi.emulators.netty.HttpVersionRoutingHandler channelRead
INFO: Detected non-HTTP/2 connection.
 {"metadata":{"emulator":{"name":"firestore"},"message":"Aug 31, 2021 3:25:15 PM io.gapi.emulators.netty.HttpVersionRoutingHandler channelRead\nINFO: Detected non-HTTP/2 connection.\n"}}
[debug] [2021-08-31T09:55:17.414Z] Aug 31, 2021 3:25:17 PM io.gapi.emulators.netty.HttpVersionRoutingHandler channelRead
INFO: Detected non-HTTP/2 connection.
 {"metadata":{"emulator":{"name":"firestore"},"message":"Aug 31, 2021 3:25:17 PM io.gapi.emulators.netty.HttpVersionRoutingHandler channelRead\nINFO: Detected non-HTTP/2 connection.\n"}}
[debug] [2021-08-31T09:55:19.435Z] Aug 31, 2021 3:25:19 PM io.gapi.emulators.netty.HttpVersionRoutingHandler channelRead
INFO: Detected non-HTTP/2 connection.
 {"metadata":{"emulator":{"name":"firestore"},"message":"Aug 31, 2021 3:25:19 PM io.gapi.emulators.netty.HttpVersionRoutingHandler channelRead\nINFO: Detected non-HTTP/2 connection.\n"}}
[debug] [2021-08-31T09:55:21.451Z] Aug 31, 2021 3:25:21 PM io.gapi.emulators.netty.HttpVersionRoutingHandler channelRead
INFO: Detected non-HTTP/2 connection.
 {"metadata":{"emulator":{"name":"firestore"},"message":"Aug 31, 2021 3:25:21 PM io.gapi.emulators.netty.HttpVersionRoutingHandler channelRead\nINFO: Detected non-HTTP/2 connection.\n"}}
[debug] [2021-08-31T09:55:23.473Z] Aug 31, 2021 3:25:23 PM io.gapi.emulators.netty.HttpVersionRoutingHandler channelRead
INFO: Detected non-HTTP/2 connection.
 {"metadata":{"emulator":{"name":"firestore"},"message":"Aug 31, 2021 3:25:23 PM io.gapi.emulators.netty.HttpVersionRoutingHandler channelRead\nINFO: Detected non-HTTP/2 connection.\n"}}
[debug] [2021-08-31T09:55:25.493Z] Aug 31, 2021 3:25:25 PM io.gapi.emulators.netty.HttpVersionRoutingHandler channelRead
INFO: Detected non-HTTP/2 connection.
 {"metadata":{"emulator":{"name":"firestore"},"message":"Aug 31, 2021 3:25:25 PM io.gapi.emulators.netty.HttpVersionRoutingHandler channelRead\nINFO: Detected non-HTTP/2 connection.\n"}}
[debug] [2021-08-31T09:55:27.514Z] Aug 31, 2021 3:25:27 PM io.gapi.emulators.netty.HttpVersionRoutingHandler channelRead
INFO: Detected non-HTTP/2 connection.
 {"metadata":{"emulator":{"name":"firestore"},"message":"Aug 31, 2021 3:25:27 PM io.gapi.emulators.netty.HttpVersionRoutingHandler channelRead\nINFO: Detected non-HTTP/2 connection.\n"}}
[debug] [2021-08-31T09:55:29.531Z] Aug 31, 2021 3:25:29 PM io.gapi.emulators.netty.HttpVersionRoutingHandler channelRead
INFO: Detected non-HTTP/2 connection.
 {"metadata":{"emulator":{"name":"firestore"},"message":"Aug 31, 2021 3:25:29 PM io.gapi.emulators.netty.HttpVersionRoutingHandler channelRead\nINFO: Detected non-HTTP/2 connection.\n"}}
[debug] [2021-08-31T09:55:31.547Z] Aug 31, 2021 3:25:31 PM io.gapi.emulators.netty.HttpVersionRoutingHandler channelRead
INFO: Detected non-HTTP/2 connection.
 {"metadata":{"emulator":{"name":"firestore"},"message":"Aug 31, 2021 3:25:31 PM io.gapi.emulators.netty.HttpVersionRoutingHandler channelRead\nINFO: Detected non-HTTP/2 connection.\n"}}
[debug] [2021-08-31T09:55:33.573Z] Aug 31, 2021 3:25:33 PM io.gapi.emulators.netty.HttpVersionRoutingHandler channelRead
INFO: Detected non-HTTP/2 connection.
 {"metadata":{"emulator":{"name":"firestore"},"message":"Aug 31, 2021 3:25:33 PM io.gapi.emulators.netty.HttpVersionRoutingHandler channelRead\nINFO: Detected non-HTTP/2 connection.\n"}}
[debug] [2021-08-31T09:55:35.594Z] Aug 31, 2021 3:25:35 PM io.gapi.emulators.netty.HttpVersionRoutingHandler channelRead
INFO: Detected non-HTTP/2 connection.
 {"metadata":{"emulator":{"name":"firestore"},"message":"Aug 31, 2021 3:25:35 PM io.gapi.emulators.netty.HttpVersionRoutingHandler channelRead\nINFO: Detected non-HTTP/2 connection.\n"}}
[debug] [2021-08-31T09:55:37.615Z] Aug 31, 2021 3:25:37 PM io.gapi.emulators.netty.HttpVersionRoutingHandler channelRead
INFO: Detected non-HTTP/2 connection.
 {"metadata":{"emulator":{"name":"firestore"},"message":"Aug 31, 2021 3:25:37 PM io.gapi.emulators.netty.HttpVersionRoutingHandler channelRead\nINFO: Detected non-HTTP/2 connection.\n"}}
[debug] [2021-08-31T09:55:39.636Z] Aug 31, 2021 3:25:39 PM io.gapi.emulators.netty.HttpVersionRoutingHandler channelRead
INFO: Detected non-HTTP/2 connection.
 {"metadata":{"emulator":{"name":"firestore"},"message":"Aug 31, 2021 3:25:39 PM io.gapi.emulators.netty.HttpVersionRoutingHandler channelRead\nINFO: Detected non-HTTP/2 connection.\n"}}
[debug] [2021-08-31T09:55:41.656Z] Aug 31, 2021 3:25:41 PM io.gapi.emulators.netty.HttpVersionRoutingHandler channelRead
INFO: Detected non-HTTP/2 connection.
 {"metadata":{"emulator":{"name":"firestore"},"message":"Aug 31, 2021 3:25:41 PM io.gapi.emulators.netty.HttpVersionRoutingHandler channelRead\nINFO: Detected non-HTTP/2 connection.\n"}}
[debug] [2021-08-31T09:55:43.679Z] Aug 31, 2021 3:25:43 PM io.gapi.emulators.netty.HttpVersionRoutingHandler channelRead
INFO: Detected non-HTTP/2 connection.
 {"metadata":{"emulator":{"name":"firestore"},"message":"Aug 31, 2021 3:25:43 PM io.gapi.emulators.netty.HttpVersionRoutingHandler channelRead\nINFO: Detected non-HTTP/2 connection.\n"}}
[debug] [2021-08-31T09:55:45.698Z] Aug 31, 2021 3:25:45 PM io.gapi.emulators.netty.HttpVersionRoutingHandler channelRead
INFO: Detected non-HTTP/2 connection.
 {"metadata":{"emulator":{"name":"firestore"},"message":"Aug 31, 2021 3:25:45 PM io.gapi.emulators.netty.HttpVersionRoutingHandler channelRead\nINFO: Detected non-HTTP/2 connection.\n"}}
[debug] [2021-08-31T09:55:47.718Z] Aug 31, 2021 3:25:47 PM io.gapi.emulators.netty.HttpVersionRoutingHandler channelRead
INFO: Detected non-HTTP/2 connection.
 {"metadata":{"emulator":{"name":"firestore"},"message":"Aug 31, 2021 3:25:47 PM io.gapi.emulators.netty.HttpVersionRoutingHandler channelRead\nINFO: Detected non-HTTP/2 connection.\n"}}
[debug] [2021-08-31T09:55:49.738Z] Aug 31, 2021 3:25:49 PM io.gapi.emulators.netty.HttpVersionRoutingHandler channelRead
INFO: Detected non-HTTP/2 connection.
 {"metadata":{"emulator":{"name":"firestore"},"message":"Aug 31, 2021 3:25:49 PM io.gapi.emulators.netty.HttpVersionRoutingHandler channelRead\nINFO: Detected non-HTTP/2 connection.\n"}}
[debug] [2021-08-31T09:55:51.758Z] Aug 31, 2021 3:25:51 PM io.gapi.emulators.netty.HttpVersionRoutingHandler channelRead
INFO: Detected non-HTTP/2 connection.
 {"metadata":{"emulator":{"name":"firestore"},"message":"Aug 31, 2021 3:25:51 PM io.gapi.emulators.netty.HttpVersionRoutingHandler channelRead\nINFO: Detected non-HTTP/2 connection.\n"}}
[debug] [2021-08-31T09:55:53.778Z] Aug 31, 2021 3:25:53 PM io.gapi.emulators.netty.HttpVersionRoutingHandler channelRead
INFO: Detected non-HTTP/2 connection.
 {"metadata":{"emulator":{"name":"firestore"},"message":"Aug 31, 2021 3:25:53 PM io.gapi.emulators.netty.HttpVersionRoutingHandler channelRead\nINFO: Detected non-HTTP/2 connection.\n"}}
[debug] [2021-08-31T09:55:55.796Z] Aug 31, 2021 3:25:55 PM io.gapi.emulators.netty.HttpVersionRoutingHandler channelRead
INFO: Detected non-HTTP/2 connection.
 {"metadata":{"emulator":{"name":"firestore"},"message":"Aug 31, 2021 3:25:55 PM io.gapi.emulators.netty.HttpVersionRoutingHandler channelRead\nINFO: Detected non-HTTP/2 connection.\n"}}
[debug] [2021-08-31T09:55:57.814Z] Aug 31, 2021 3:25:57 PM io.gapi.emulators.netty.HttpVersionRoutingHandler channelRead
INFO: Detected non-HTTP/2 connection.
 {"metadata":{"emulator":{"name":"firestore"},"message":"Aug 31, 2021 3:25:57 PM io.gapi.emulators.netty.HttpVersionRoutingHandler channelRead\nINFO: Detected non-HTTP/2 connection.\n"}}
[debug] [2021-08-31T09:55:59.833Z] Aug 31, 2021 3:25:59 PM io.gapi.emulators.netty.HttpVersionRoutingHandler channelRead
INFO: Detected non-HTTP/2 connection.
 {"metadata":{"emulator":{"name":"firestore"},"message":"Aug 31, 2021 3:25:59 PM io.gapi.emulators.netty.HttpVersionRoutingHandler channelRead\nINFO: Detected non-HTTP/2 connection.\n"}}
[debug] [2021-08-31T09:56:01.854Z] Aug 31, 2021 3:26:01 PM io.gapi.emulators.netty.HttpVersionRoutingHandler channelRead
INFO: Detected non-HTTP/2 connection.
 {"metadata":{"emulator":{"name":"firestore"},"message":"Aug 31, 2021 3:26:01 PM io.gapi.emulators.netty.HttpVersionRoutingHandler channelRead\nINFO: Detected non-HTTP/2 connection.\n"}}
[debug] [2021-08-31T09:56:03.871Z] Aug 31, 2021 3:26:03 PM io.gapi.emulators.netty.HttpVersionRoutingHandler channelRead
INFO: Detected non-HTTP/2 connection.
 {"metadata":{"emulator":{"name":"firestore"},"message":"Aug 31, 2021 3:26:03 PM io.gapi.emulators.netty.HttpVersionRoutingHandler channelRead\nINFO: Detected non-HTTP/2 connection.\n"}}
[debug] [2021-08-31T09:56:05.890Z] Aug 31, 2021 3:26:05 PM io.gapi.emulators.netty.HttpVersionRoutingHandler channelRead
INFO: Detected non-HTTP/2 connection.
 {"metadata":{"emulator":{"name":"firestore"},"message":"Aug 31, 2021 3:26:05 PM io.gapi.emulators.netty.HttpVersionRoutingHandler channelRead\nINFO: Detected non-HTTP/2 connection.\n"}}
[debug] [2021-08-31T09:56:07.910Z] Aug 31, 2021 3:26:07 PM io.gapi.emulators.netty.HttpVersionRoutingHandler channelRead
INFO: Detected non-HTTP/2 connection.
 {"metadata":{"emulator":{"name":"firestore"},"message":"Aug 31, 2021 3:26:07 PM io.gapi.emulators.netty.HttpVersionRoutingHandler channelRead\nINFO: Detected non-HTTP/2 connection.\n"}}
[debug] [2021-08-31T09:56:09.926Z] Aug 31, 2021 3:26:09 PM io.gapi.emulators.netty.HttpVersionRoutingHandler channelRead
INFO: Detected non-HTTP/2 connection.
 {"metadata":{"emulator":{"name":"firestore"},"message":"Aug 31, 2021 3:26:09 PM io.gapi.emulators.netty.HttpVersionRoutingHandler channelRead\nINFO: Detected non-HTTP/2 connection.\n"}}
[debug] [2021-08-31T09:56:11.945Z] Aug 31, 2021 3:26:11 PM io.gapi.emulators.netty.HttpVersionRoutingHandler channelRead
INFO: Detected non-HTTP/2 connection.
 {"metadata":{"emulator":{"name":"firestore"},"message":"Aug 31, 2021 3:26:11 PM io.gapi.emulators.netty.HttpVersionRoutingHandler channelRead\nINFO: Detected non-HTTP/2 connection.\n"}}
[debug] [2021-08-31T09:56:13.964Z] Aug 31, 2021 3:26:13 PM io.gapi.emulators.netty.HttpVersionRoutingHandler channelRead
INFO: Detected non-HTTP/2 connection.
 {"metadata":{"emulator":{"name":"firestore"},"message":"Aug 31, 2021 3:26:13 PM io.gapi.emulators.netty.HttpVersionRoutingHandler channelRead\nINFO: Detected non-HTTP/2 connection.\n"}}
[debug] [2021-08-31T09:56:15.982Z] Aug 31, 2021 3:26:15 PM io.gapi.emulators.netty.HttpVersionRoutingHandler channelRead
INFO: Detected non-HTTP/2 connection.
 {"metadata":{"emulator":{"name":"firestore"},"message":"Aug 31, 2021 3:26:15 PM io.gapi.emulators.netty.HttpVersionRoutingHandler channelRead\nINFO: Detected non-HTTP/2 connection.\n"}}
[debug] [2021-08-31T09:56:18.003Z] Aug 31, 2021 3:26:18 PM io.gapi.emulators.netty.HttpVersionRoutingHandler channelRead
INFO: Detected non-HTTP/2 connection.
 {"metadata":{"emulator":{"name":"firestore"},"message":"Aug 31, 2021 3:26:18 PM io.gapi.emulators.netty.HttpVersionRoutingHandler channelRead\nINFO: Detected non-HTTP/2 connection.\n"}}
[debug] [2021-08-31T09:56:20.020Z] Aug 31, 2021 3:26:20 PM io.gapi.emulators.netty.HttpVersionRoutingHandler channelRead
INFO: Detected non-HTTP/2 connection.
 {"metadata":{"emulator":{"name":"firestore"},"message":"Aug 31, 2021 3:26:20 PM io.gapi.emulators.netty.HttpVersionRoutingHandler channelRead\nINFO: Detected non-HTTP/2 connection.\n"}}
[debug] [2021-08-31T09:56:22.039Z] Aug 31, 2021 3:26:22 PM io.gapi.emulators.netty.HttpVersionRoutingHandler channelRead
INFO: Detected non-HTTP/2 connection.
 {"metadata":{"emulator":{"name":"firestore"},"message":"Aug 31, 2021 3:26:22 PM io.gapi.emulators.netty.HttpVersionRoutingHandler channelRead\nINFO: Detected non-HTTP/2 connection.\n"}}
[debug] [2021-08-31T09:56:24.058Z] Aug 31, 2021 3:26:24 PM io.gapi.emulators.netty.HttpVersionRoutingHandler channelRead
INFO: Detected non-HTTP/2 connection.
 {"metadata":{"emulator":{"name":"firestore"},"message":"Aug 31, 2021 3:26:24 PM io.gapi.emulators.netty.HttpVersionRoutingHandler channelRead\nINFO: Detected non-HTTP/2 connection.\n"}}
[debug] [2021-08-31T09:56:26.079Z] Aug 31, 2021 3:26:26 PM io.gapi.emulators.netty.HttpVersionRoutingHandler channelRead
INFO: Detected non-HTTP/2 connection.
 {"metadata":{"emulator":{"name":"firestore"},"message":"Aug 31, 2021 3:26:26 PM io.gapi.emulators.netty.HttpVersionRoutingHandler channelRead\nINFO: Detected non-HTTP/2 connection.\n"}}
[debug] [2021-08-31T09:56:28.097Z] Aug 31, 2021 3:26:28 PM io.gapi.emulators.netty.HttpVersionRoutingHandler channelRead
INFO: Detected non-HTTP/2 connection.
 {"metadata":{"emulator":{"name":"firestore"},"message":"Aug 31, 2021 3:26:28 PM io.gapi.emulators.netty.HttpVersionRoutingHandler channelRead\nINFO: Detected non-HTTP/2 connection.\n"}}
[debug] [2021-08-31T09:56:30.119Z] Aug 31, 2021 3:26:30 PM io.gapi.emulators.netty.HttpVersionRoutingHandler channelRead
INFO: Detected non-HTTP/2 connection.
 {"metadata":{"emulator":{"name":"firestore"},"message":"Aug 31, 2021 3:26:30 PM io.gapi.emulators.netty.HttpVersionRoutingHandler channelRead\nINFO: Detected non-HTTP/2 connection.\n"}}
[debug] [2021-08-31T09:56:32.137Z] Aug 31, 2021 3:26:32 PM io.gapi.emulators.netty.HttpVersionRoutingHandler channelRead
INFO: Detected non-HTTP/2 connection.
 {"metadata":{"emulator":{"name":"firestore"},"message":"Aug 31, 2021 3:26:32 PM io.gapi.emulators.netty.HttpVersionRoutingHandler channelRead\nINFO: Detected non-HTTP/2 connection.\n"}}
[debug] [2021-08-31T09:56:34.157Z] Aug 31, 2021 3:26:34 PM io.gapi.emulators.netty.HttpVersionRoutingHandler channelRead
INFO: Detected non-HTTP/2 connection.
 {"metadata":{"emulator":{"name":"firestore"},"message":"Aug 31, 2021 3:26:34 PM io.gapi.emulators.netty.HttpVersionRoutingHandler channelRead\nINFO: Detected non-HTTP/2 connection.\n"}}
[debug] [2021-08-31T09:56:36.181Z] Aug 31, 2021 3:26:36 PM io.gapi.emulators.netty.HttpVersionRoutingHandler channelRead
INFO: Detected non-HTTP/2 connection.
 {"metadata":{"emulator":{"name":"firestore"},"message":"Aug 31, 2021 3:26:36 PM io.gapi.emulators.netty.HttpVersionRoutingHandler channelRead\nINFO: Detected non-HTTP/2 connection.\n"}}
[debug] [2021-08-31T09:56:38.200Z] Aug 31, 2021 3:26:38 PM io.gapi.emulators.netty.HttpVersionRoutingHandler channelRead
INFO: Detected non-HTTP/2 connection.
 {"metadata":{"emulator":{"name":"firestore"},"message":"Aug 31, 2021 3:26:38 PM io.gapi.emulators.netty.HttpVersionRoutingHandler channelRead\nINFO: Detected non-HTTP/2 connection.\n"}}
[debug] [2021-08-31T09:56:40.220Z] Aug 31, 2021 3:26:40 PM io.gapi.emulators.netty.HttpVersionRoutingHandler channelRead
INFO: Detected non-HTTP/2 connection.
 {"metadata":{"emulator":{"name":"firestore"},"message":"Aug 31, 2021 3:26:40 PM io.gapi.emulators.netty.HttpVersionRoutingHandler channelRead\nINFO: Detected non-HTTP/2 connection.\n"}}
[debug] [2021-08-31T09:56:42.235Z] Aug 31, 2021 3:26:42 PM io.gapi.emulators.netty.HttpVersionRoutingHandler channelRead
INFO: Detected non-HTTP/2 connection.
 {"metadata":{"emulator":{"name":"firestore"},"message":"Aug 31, 2021 3:26:42 PM io.gapi.emulators.netty.HttpVersionRoutingHandler channelRead\nINFO: Detected non-HTTP/2 connection.\n"}}
[debug] [2021-08-31T10:09:43.091Z] Aug 31, 2021 3:39:43 PM io.gapi.emulators.netty.HttpVersionRoutingHandler channelRead
INFO: Detected non-HTTP/2 connection.
 {"metadata":{"emulator":{"name":"firestore"},"message":"Aug 31, 2021 3:39:43 PM io.gapi.emulators.netty.HttpVersionRoutingHandler channelRead\nINFO: Detected non-HTTP/2 connection.\n"}}
[debug] [2021-08-31T10:09:43.093Z] Aug 31, 2021 3:39:43 PM io.gapi.emulators.netty.HttpVersionRoutingHandler channelRead
INFO: Detected non-HTTP/2 connection.
 {"metadata":{"emulator":{"name":"firestore"},"message":"Aug 31, 2021 3:39:43 PM io.gapi.emulators.netty.HttpVersionRoutingHandler channelRead\nINFO: Detected non-HTTP/2 connection.\n"}}
[debug] [2021-08-31T10:09:45.127Z] Aug 31, 2021 3:39:45 PM io.gapi.emulators.netty.HttpVersionRoutingHandler channelRead
INFO: Detected non-HTTP/2 connection.
 {"metadata":{"emulator":{"name":"firestore"},"message":"Aug 31, 2021 3:39:45 PM io.gapi.emulators.netty.HttpVersionRoutingHandler channelRead\nINFO: Detected non-HTTP/2 connection.\n"}}
[debug] [2021-08-31T10:09:47.146Z] Aug 31, 2021 3:39:47 PM io.gapi.emulators.netty.HttpVersionRoutingHandler channelRead
INFO: Detected non-HTTP/2 connection.
 {"metadata":{"emulator":{"name":"firestore"},"message":"Aug 31, 2021 3:39:47 PM io.gapi.emulators.netty.HttpVersionRoutingHandler channelRead\nINFO: Detected non-HTTP/2 connection.\n"}}
